09:07:51.732 40 Y - 与服务器失去联系：无法与服务器建立连接：System.Net.Sockets.SocketException (0x80004005): 由于连接方在一段时间后没有正确答复或连接的主机没有反应，连接尝试失败。 192.168.56.2:5555
   在 System.Net.Sockets.Socket.EndConnect(IAsyncResult asyncResult)
   在 ESB.Core.Rpc.CometClient.ConnectCallback(IAsyncResult ar) 位置 f:\Tony\MyCode\SOA\LIB\SRC\Core\ESB.Core\Rpc\CometClient.cs:行号 59
09:07:51.737 54 Y - 与服务器失去联系：无法与服务器建立连接：System.Net.Sockets.SocketException (0x80004005): 由于连接方在一段时间后没有正确答复或连接的主机没有反应，连接尝试失败。 192.168.56.2:5556
   在 System.Net.Sockets.Socket.EndConnect(IAsyncResult asyncResult)
   在 ESB.Core.Rpc.CometClient.ConnectCallback(IAsyncResult ar) 位置 f:\Tony\MyCode\SOA\LIB\SRC\Core\ESB.Core\Rpc\CometClient.cs:行号 59
09:08:17.735 56 Y - 与服务器失去联系：无法与服务器建立连接：System.Net.Sockets.SocketException (0x80004005): 由于连接方在一段时间后没有正确答复或连接的主机没有反应，连接尝试失败。 192.168.56.2:5556
   在 System.Net.Sockets.Socket.EndConnect(IAsyncResult asyncResult)
   在 ESB.Core.Rpc.CometClient.ConnectCallback(IAsyncResult ar) 位置 f:\Tony\MyCode\SOA\LIB\SRC\Core\ESB.Core\Rpc\CometClient.cs:行号 59
09:08:17.736 56 Y - 与服务器失去联系：无法与服务器建立连接：System.Net.Sockets.SocketException (0x80004005): 由于连接方在一段时间后没有正确答复或连接的主机没有反应，连接尝试失败。 192.168.56.2:5555
   在 System.Net.Sockets.Socket.EndConnect(IAsyncResult asyncResult)
   在 ESB.Core.Rpc.CometClient.ConnectCallback(IAsyncResult ar) 位置 f:\Tony\MyCode\SOA\LIB\SRC\Core\ESB.Core\Rpc\CometClient.cs:行号 59
09:08:43.741 47 Y - 与服务器失去联系：无法与服务器建立连接：System.Net.Sockets.SocketException (0x80004005): 由于连接方在一段时间后没有正确答复或连接的主机没有反应，连接尝试失败。 192.168.56.2:5555
   在 System.Net.Sockets.Socket.EndConnect(IAsyncResult asyncResult)
   在 ESB.Core.Rpc.CometClient.ConnectCallback(IAsyncResult ar) 位置 f:\Tony\MyCode\SOA\LIB\SRC\Core\ESB.Core\Rpc\CometClient.cs:行号 59
09:08:43.742 45 Y - 与服务器失去联系：无法与服务器建立连接：System.Net.Sockets.SocketException (0x80004005): 由于连接方在一段时间后没有正确答复或连接的主机没有反应，连接尝试失败。 192.168.56.2:5556
   在 System.Net.Sockets.Socket.EndConnect(IAsyncResult asyncResult)
   在 ESB.Core.Rpc.CometClient.ConnectCallback(IAsyncResult ar) 位置 f:\Tony\MyCode\SOA\LIB\SRC\Core\ESB.Core\Rpc\CometClient.cs:行号 59
09:09:09.738 47 Y - 与服务器失去联系：无法与服务器建立连接：System.Net.Sockets.SocketException (0x80004005): 由于连接方在一段时间后没有正确答复或连接的主机没有反应，连接尝试失败。 192.168.56.2:5555
   在 System.Net.Sockets.Socket.EndConnect(IAsyncResult asyncResult)
   在 ESB.Core.Rpc.CometClient.ConnectCallback(IAsyncResult ar) 位置 f:\Tony\MyCode\SOA\LIB\SRC\Core\ESB.Core\Rpc\CometClient.cs:行号 59
09:09:09.748 47 Y - 与服务器失去联系：无法与服务器建立连接：System.Net.Sockets.SocketException (0x80004005): 由于连接方在一段时间后没有正确答复或连接的主机没有反应，连接尝试失败。 192.168.56.2:5556
   在 System.Net.Sockets.Socket.EndConnect(IAsyncResult asyncResult)
   在 ESB.Core.Rpc.CometClient.ConnectCallback(IAsyncResult ar) 位置 f:\Tony\MyCode\SOA\LIB\SRC\Core\ESB.Core\Rpc\CometClient.cs:行号 59
09:09:35.741 47 Y - 与服务器失去联系：无法与服务器建立连接：System.Net.Sockets.SocketException (0x80004005): 由于连接方在一段时间后没有正确答复或连接的主机没有反应，连接尝试失败。 192.168.56.2:5555
   在 System.Net.Sockets.Socket.EndConnect(IAsyncResult asyncResult)
   在 ESB.Core.Rpc.CometClient.ConnectCallback(IAsyncResult ar) 位置 f:\Tony\MyCode\SOA\LIB\SRC\Core\ESB.Core\Rpc\CometClient.cs:行号 59
09:09:35.750 57 Y - 与服务器失去联系：无法与服务器建立连接：System.Net.Sockets.SocketException (0x80004005): 由于连接方在一段时间后没有正确答复或连接的主机没有反应，连接尝试失败。 192.168.56.2:5556
   在 System.Net.Sockets.Socket.EndConnect(IAsyncResult asyncResult)
   在 ESB.Core.Rpc.CometClient.ConnectCallback(IAsyncResult ar) 位置 f:\Tony\MyCode\SOA\LIB\SRC\Core\ESB.Core\Rpc\CometClient.cs:行号 59
09:10:01.742 57 Y - 与服务器失去联系：无法与服务器建立连接：System.Net.Sockets.SocketException (0x80004005): 由于连接方在一段时间后没有正确答复或连接的主机没有反应，连接尝试失败。 192.168.56.2:5555
   在 System.Net.Sockets.Socket.EndConnect(IAsyncResult asyncResult)
   在 ESB.Core.Rpc.CometClient.ConnectCallback(IAsyncResult ar) 位置 f:\Tony\MyCode\SOA\LIB\SRC\Core\ESB.Core\Rpc\CometClient.cs:行号 59
09:10:01.752 57 Y - 与服务器失去联系：无法与服务器建立连接：System.Net.Sockets.SocketException (0x80004005): 由于连接方在一段时间后没有正确答复或连接的主机没有反应，连接尝试失败。 192.168.56.2:5556
   在 System.Net.Sockets.Socket.EndConnect(IAsyncResult asyncResult)
   在 ESB.Core.Rpc.CometClient.ConnectCallback(IAsyncResult ar) 位置 f:\Tony\MyCode\SOA\LIB\SRC\Core\ESB.Core\Rpc\CometClient.cs:行号 59
09:10:27.737 57 Y - 与服务器失去联系：无法与服务器建立连接：System.Net.Sockets.SocketException (0x80004005): 由于连接方在一段时间后没有正确答复或连接的主机没有反应，连接尝试失败。 192.168.56.2:5555
   在 System.Net.Sockets.Socket.EndConnect(IAsyncResult asyncResult)
   在 ESB.Core.Rpc.CometClient.ConnectCallback(IAsyncResult ar) 位置 f:\Tony\MyCode\SOA\LIB\SRC\Core\ESB.Core\Rpc\CometClient.cs:行号 59
09:10:27.753 57 Y - 与服务器失去联系：无法与服务器建立连接：System.Net.Sockets.SocketException (0x80004005): 由于连接方在一段时间后没有正确答复或连接的主机没有反应，连接尝试失败。 192.168.56.2:5556
   在 System.Net.Sockets.Socket.EndConnect(IAsyncResult asyncResult)
   在 ESB.Core.Rpc.CometClient.ConnectCallback(IAsyncResult ar) 位置 f:\Tony\MyCode\SOA\LIB\SRC\Core\ESB.Core\Rpc\CometClient.cs:行号 59
09:10:53.740 62 Y - 与服务器失去联系：无法与服务器建立连接：System.Net.Sockets.SocketException (0x80004005): 由于连接方在一段时间后没有正确答复或连接的主机没有反应，连接尝试失败。 192.168.56.2:5555
   在 System.Net.Sockets.Socket.EndConnect(IAsyncResult asyncResult)
   在 ESB.Core.Rpc.CometClient.ConnectCallback(IAsyncResult ar) 位置 f:\Tony\MyCode\SOA\LIB\SRC\Core\ESB.Core\Rpc\CometClient.cs:行号 59
09:10:53.757 62 Y - 与服务器失去联系：无法与服务器建立连接：System.Net.Sockets.SocketException (0x80004005): 由于连接方在一段时间后没有正确答复或连接的主机没有反应，连接尝试失败。 192.168.56.2:5556
   在 System.Net.Sockets.Socket.EndConnect(IAsyncResult asyncResult)
   在 ESB.Core.Rpc.CometClient.ConnectCallback(IAsyncResult ar) 位置 f:\Tony\MyCode\SOA\LIB\SRC\Core\ESB.Core\Rpc\CometClient.cs:行号 59
09:11:19.739 62 Y - 与服务器失去联系：无法与服务器建立连接：System.Net.Sockets.SocketException (0x80004005): 由于连接方在一段时间后没有正确答复或连接的主机没有反应，连接尝试失败。 192.168.56.2:5555
   在 System.Net.Sockets.Socket.EndConnect(IAsyncResult asyncResult)
   在 ESB.Core.Rpc.CometClient.ConnectCallback(IAsyncResult ar) 位置 f:\Tony\MyCode\SOA\LIB\SRC\Core\ESB.Core\Rpc\CometClient.cs:行号 59
09:11:19.749 73 Y - 与服务器失去联系：无法与服务器建立连接：System.Net.Sockets.SocketException (0x80004005): 由于连接方在一段时间后没有正确答复或连接的主机没有反应，连接尝试失败。 192.168.56.2:5556
   在 System.Net.Sockets.Socket.EndConnect(IAsyncResult asyncResult)
   在 ESB.Core.Rpc.CometClient.ConnectCallback(IAsyncResult ar) 位置 f:\Tony\MyCode\SOA\LIB\SRC\Core\ESB.Core\Rpc\CometClient.cs:行号 59
09:11:45.746 73 Y - 与服务器失去联系：无法与服务器建立连接：System.Net.Sockets.SocketException (0x80004005): 由于连接方在一段时间后没有正确答复或连接的主机没有反应，连接尝试失败。 192.168.56.2:5555
   在 System.Net.Sockets.Socket.EndConnect(IAsyncResult asyncResult)
   在 ESB.Core.Rpc.CometClient.ConnectCallback(IAsyncResult ar) 位置 f:\Tony\MyCode\SOA\LIB\SRC\Core\ESB.Core\Rpc\CometClient.cs:行号 59
09:11:45.755 73 Y - 与服务器失去联系：无法与服务器建立连接：System.Net.Sockets.SocketException (0x80004005): 由于连接方在一段时间后没有正确答复或连接的主机没有反应，连接尝试失败。 192.168.56.2:5556
   在 System.Net.Sockets.Socket.EndConnect(IAsyncResult asyncResult)
   在 ESB.Core.Rpc.CometClient.ConnectCallback(IAsyncResult ar) 位置 f:\Tony\MyCode\SOA\LIB\SRC\Core\ESB.Core\Rpc\CometClient.cs:行号 59
09:12:11.741 73 Y - 与服务器失去联系：无法与服务器建立连接：System.Net.Sockets.SocketException (0x80004005): 由于连接方在一段时间后没有正确答复或连接的主机没有反应，连接尝试失败。 192.168.56.2:5555
   在 System.Net.Sockets.Socket.EndConnect(IAsyncResult asyncResult)
   在 ESB.Core.Rpc.CometClient.ConnectCallback(IAsyncResult ar) 位置 f:\Tony\MyCode\SOA\LIB\SRC\Core\ESB.Core\Rpc\CometClient.cs:行号 59
09:12:11.754 68 Y - 与服务器失去联系：无法与服务器建立连接：System.Net.Sockets.SocketException (0x80004005): 由于连接方在一段时间后没有正确答复或连接的主机没有反应，连接尝试失败。 192.168.56.2:5556
   在 System.Net.Sockets.Socket.EndConnect(IAsyncResult asyncResult)
   在 ESB.Core.Rpc.CometClient.ConnectCallback(IAsyncResult ar) 位置 f:\Tony\MyCode\SOA\LIB\SRC\Core\ESB.Core\Rpc\CometClient.cs:行号 59
09:12:37.742 68 Y - 与服务器失去联系：无法与服务器建立连接：System.Net.Sockets.SocketException (0x80004005): 由于连接方在一段时间后没有正确答复或连接的主机没有反应，连接尝试失败。 192.168.56.2:5555
   在 System.Net.Sockets.Socket.EndConnect(IAsyncResult asyncResult)
   在 ESB.Core.Rpc.CometClient.ConnectCallback(IAsyncResult ar) 位置 f:\Tony\MyCode\SOA\LIB\SRC\Core\ESB.Core\Rpc\CometClient.cs:行号 59
09:12:37.756 68 Y - 与服务器失去联系：无法与服务器建立连接：System.Net.Sockets.SocketException (0x80004005): 由于连接方在一段时间后没有正确答复或连接的主机没有反应，连接尝试失败。 192.168.56.2:5556
   在 System.Net.Sockets.Socket.EndConnect(IAsyncResult asyncResult)
   在 ESB.Core.Rpc.CometClient.ConnectCallback(IAsyncResult ar) 位置 f:\Tony\MyCode\SOA\LIB\SRC\Core\ESB.Core\Rpc\CometClient.cs:行号 59
09:13:03.746 68 Y - 与服务器失去联系：无法与服务器建立连接：System.Net.Sockets.SocketException (0x80004005): 由于连接方在一段时间后没有正确答复或连接的主机没有反应，连接尝试失败。 192.168.56.2:5555
   在 System.Net.Sockets.Socket.EndConnect(IAsyncResult asyncResult)
   在 ESB.Core.Rpc.CometClient.ConnectCallback(IAsyncResult ar) 位置 f:\Tony\MyCode\SOA\LIB\SRC\Core\ESB.Core\Rpc\CometClient.cs:行号 59
09:13:03.754 68 Y - 与服务器失去联系：无法与服务器建立连接：System.Net.Sockets.SocketException (0x80004005): 由于连接方在一段时间后没有正确答复或连接的主机没有反应，连接尝试失败。 192.168.56.2:5556
   在 System.Net.Sockets.Socket.EndConnect(IAsyncResult asyncResult)
   在 ESB.Core.Rpc.CometClient.ConnectCallback(IAsyncResult ar) 位置 f:\Tony\MyCode\SOA\LIB\SRC\Core\ESB.Core\Rpc\CometClient.cs:行号 59
09:13:29.749 68 Y - 与服务器失去联系：无法与服务器建立连接：System.Net.Sockets.SocketException (0x80004005): 由于连接方在一段时间后没有正确答复或连接的主机没有反应，连接尝试失败。 192.168.56.2:5555
   在 System.Net.Sockets.Socket.EndConnect(IAsyncResult asyncResult)
   在 ESB.Core.Rpc.CometClient.ConnectCallback(IAsyncResult ar) 位置 f:\Tony\MyCode\SOA\LIB\SRC\Core\ESB.Core\Rpc\CometClient.cs:行号 59
09:13:29.754 68 Y - 与服务器失去联系：无法与服务器建立连接：System.Net.Sockets.SocketException (0x80004005): 由于连接方在一段时间后没有正确答复或连接的主机没有反应，连接尝试失败。 192.168.56.2:5556
   在 System.Net.Sockets.Socket.EndConnect(IAsyncResult asyncResult)
   在 ESB.Core.Rpc.CometClient.ConnectCallback(IAsyncResult ar) 位置 f:\Tony\MyCode\SOA\LIB\SRC\Core\ESB.Core\Rpc\CometClient.cs:行号 59
09:13:55.747 68 Y - 与服务器失去联系：无法与服务器建立连接：System.Net.Sockets.SocketException (0x80004005): 由于连接方在一段时间后没有正确答复或连接的主机没有反应，连接尝试失败。 192.168.56.2:5555
   在 System.Net.Sockets.Socket.EndConnect(IAsyncResult asyncResult)
   在 ESB.Core.Rpc.CometClient.ConnectCallback(IAsyncResult ar) 位置 f:\Tony\MyCode\SOA\LIB\SRC\Core\ESB.Core\Rpc\CometClient.cs:行号 59
09:13:55.756 68 Y - 与服务器失去联系：无法与服务器建立连接：System.Net.Sockets.SocketException (0x80004005): 由于连接方在一段时间后没有正确答复或连接的主机没有反应，连接尝试失败。 192.168.56.2:5556
   在 System.Net.Sockets.Socket.EndConnect(IAsyncResult asyncResult)
   在 ESB.Core.Rpc.CometClient.ConnectCallback(IAsyncResult ar) 位置 f:\Tony\MyCode\SOA\LIB\SRC\Core\ESB.Core\Rpc\CometClient.cs:行号 59
09:14:21.751 68 Y - 与服务器失去联系：无法与服务器建立连接：System.Net.Sockets.SocketException (0x80004005): 由于连接方在一段时间后没有正确答复或连接的主机没有反应，连接尝试失败。 192.168.56.2:5555
   在 System.Net.Sockets.Socket.EndConnect(IAsyncResult asyncResult)
   在 ESB.Core.Rpc.CometClient.ConnectCallback(IAsyncResult ar) 位置 f:\Tony\MyCode\SOA\LIB\SRC\Core\ESB.Core\Rpc\CometClient.cs:行号 59
09:14:21.755 68 Y - 与服务器失去联系：无法与服务器建立连接：System.Net.Sockets.SocketException (0x80004005): 由于连接方在一段时间后没有正确答复或连接的主机没有反应，连接尝试失败。 192.168.56.2:5556
   在 System.Net.Sockets.Socket.EndConnect(IAsyncResult asyncResult)
   在 ESB.Core.Rpc.CometClient.ConnectCallback(IAsyncResult ar) 位置 f:\Tony\MyCode\SOA\LIB\SRC\Core\ESB.Core\Rpc\CometClient.cs:行号 59
09:14:47.755 53 Y - 与服务器失去联系：无法与服务器建立连接：System.Net.Sockets.SocketException (0x80004005): 由于连接方在一段时间后没有正确答复或连接的主机没有反应，连接尝试失败。 192.168.56.2:5556
   在 System.Net.Sockets.Socket.EndConnect(IAsyncResult asyncResult)
   在 ESB.Core.Rpc.CometClient.ConnectCallback(IAsyncResult ar) 位置 f:\Tony\MyCode\SOA\LIB\SRC\Core\ESB.Core\Rpc\CometClient.cs:行号 59
09:14:47.757 53 Y - 与服务器失去联系：无法与服务器建立连接：System.Net.Sockets.SocketException (0x80004005): 由于连接方在一段时间后没有正确答复或连接的主机没有反应，连接尝试失败。 192.168.56.2:5555
   在 System.Net.Sockets.Socket.EndConnect(IAsyncResult asyncResult)
   在 ESB.Core.Rpc.CometClient.ConnectCallback(IAsyncResult ar) 位置 f:\Tony\MyCode\SOA\LIB\SRC\Core\ESB.Core\Rpc\CometClient.cs:行号 59
09:15:13.761 55 Y - 与服务器失去联系：无法与服务器建立连接：System.Net.Sockets.SocketException (0x80004005): 由于连接方在一段时间后没有正确答复或连接的主机没有反应，连接尝试失败。 192.168.56.2:5555
   在 System.Net.Sockets.Socket.EndConnect(IAsyncResult asyncResult)
   在 ESB.Core.Rpc.CometClient.ConnectCallback(IAsyncResult ar) 位置 f:\Tony\MyCode\SOA\LIB\SRC\Core\ESB.Core\Rpc\CometClient.cs:行号 59
09:15:13.761 45 Y - 与服务器失去联系：无法与服务器建立连接：System.Net.Sockets.SocketException (0x80004005): 由于连接方在一段时间后没有正确答复或连接的主机没有反应，连接尝试失败。 192.168.56.2:5556
   在 System.Net.Sockets.Socket.EndConnect(IAsyncResult asyncResult)
   在 ESB.Core.Rpc.CometClient.ConnectCallback(IAsyncResult ar) 位置 f:\Tony\MyCode\SOA\LIB\SRC\Core\ESB.Core\Rpc\CometClient.cs:行号 59
09:15:39.767 47 Y - 与服务器失去联系：无法与服务器建立连接：System.Net.Sockets.SocketException (0x80004005): 由于连接方在一段时间后没有正确答复或连接的主机没有反应，连接尝试失败。 192.168.56.2:5556
   在 System.Net.Sockets.Socket.EndConnect(IAsyncResult asyncResult)
   在 ESB.Core.Rpc.CometClient.ConnectCallback(IAsyncResult ar) 位置 f:\Tony\MyCode\SOA\LIB\SRC\Core\ESB.Core\Rpc\CometClient.cs:行号 59
09:15:39.769 47 Y - 与服务器失去联系：无法与服务器建立连接：System.Net.Sockets.SocketException (0x80004005): 由于连接方在一段时间后没有正确答复或连接的主机没有反应，连接尝试失败。 192.168.56.2:5555
   在 System.Net.Sockets.Socket.EndConnect(IAsyncResult asyncResult)
   在 ESB.Core.Rpc.CometClient.ConnectCallback(IAsyncResult ar) 位置 f:\Tony\MyCode\SOA\LIB\SRC\Core\ESB.Core\Rpc\CometClient.cs:行号 59
09:16:05.797 46 Y - 与服务器失去联系：无法与服务器建立连接：System.Net.Sockets.SocketException (0x80004005): 由于连接方在一段时间后没有正确答复或连接的主机没有反应，连接尝试失败。 192.168.56.2:5556
   在 System.Net.Sockets.Socket.EndConnect(IAsyncResult asyncResult)
   在 ESB.Core.Rpc.CometClient.ConnectCallback(IAsyncResult ar) 位置 f:\Tony\MyCode\SOA\LIB\SRC\Core\ESB.Core\Rpc\CometClient.cs:行号 59
09:16:05.798 47 Y - 与服务器失去联系：无法与服务器建立连接：System.Net.Sockets.SocketException (0x80004005): 由于连接方在一段时间后没有正确答复或连接的主机没有反应，连接尝试失败。 192.168.56.2:5555
   在 System.Net.Sockets.Socket.EndConnect(IAsyncResult asyncResult)
   在 ESB.Core.Rpc.CometClient.ConnectCallback(IAsyncResult ar) 位置 f:\Tony\MyCode\SOA\LIB\SRC\Core\ESB.Core\Rpc\CometClient.cs:行号 59
09:16:31.797 17 Y - 与服务器失去联系：无法与服务器建立连接：System.Net.Sockets.SocketException (0x80004005): 由于连接方在一段时间后没有正确答复或连接的主机没有反应，连接尝试失败。 192.168.56.2:5555
   在 System.Net.Sockets.Socket.EndConnect(IAsyncResult asyncResult)
   在 ESB.Core.Rpc.CometClient.ConnectCallback(IAsyncResult ar) 位置 f:\Tony\MyCode\SOA\LIB\SRC\Core\ESB.Core\Rpc\CometClient.cs:行号 59
09:16:31.803 47 Y - 与服务器失去联系：无法与服务器建立连接：System.Net.Sockets.SocketException (0x80004005): 由于连接方在一段时间后没有正确答复或连接的主机没有反应，连接尝试失败。 192.168.56.2:5556
   在 System.Net.Sockets.Socket.EndConnect(IAsyncResult asyncResult)
   在 ESB.Core.Rpc.CometClient.ConnectCallback(IAsyncResult ar) 位置 f:\Tony\MyCode\SOA\LIB\SRC\Core\ESB.Core\Rpc\CometClient.cs:行号 59
09:16:57.800 47 Y - 与服务器失去联系：无法与服务器建立连接：System.Net.Sockets.SocketException (0x80004005): 由于连接方在一段时间后没有正确答复或连接的主机没有反应，连接尝试失败。 192.168.56.2:5556
   在 System.Net.Sockets.Socket.EndConnect(IAsyncResult asyncResult)
   在 ESB.Core.Rpc.CometClient.ConnectCallback(IAsyncResult ar) 位置 f:\Tony\MyCode\SOA\LIB\SRC\Core\ESB.Core\Rpc\CometClient.cs:行号 59
09:16:57.804 47 Y - 与服务器失去联系：无法与服务器建立连接：System.Net.Sockets.SocketException (0x80004005): 由于连接方在一段时间后没有正确答复或连接的主机没有反应，连接尝试失败。 192.168.56.2:5555
   在 System.Net.Sockets.Socket.EndConnect(IAsyncResult asyncResult)
   在 ESB.Core.Rpc.CometClient.ConnectCallback(IAsyncResult ar) 位置 f:\Tony\MyCode\SOA\LIB\SRC\Core\ESB.Core\Rpc\CometClient.cs:行号 59
09:17:23.801 32 Y - 与服务器失去联系：无法与服务器建立连接：System.Net.Sockets.SocketException (0x80004005): 由于连接方在一段时间后没有正确答复或连接的主机没有反应，连接尝试失败。 192.168.56.2:5555
   在 System.Net.Sockets.Socket.EndConnect(IAsyncResult asyncResult)
   在 ESB.Core.Rpc.CometClient.ConnectCallback(IAsyncResult ar) 位置 f:\Tony\MyCode\SOA\LIB\SRC\Core\ESB.Core\Rpc\CometClient.cs:行号 59
09:17:23.801 47 Y - 与服务器失去联系：无法与服务器建立连接：System.Net.Sockets.SocketException (0x80004005): 由于连接方在一段时间后没有正确答复或连接的主机没有反应，连接尝试失败。 192.168.56.2:5556
   在 System.Net.Sockets.Socket.EndConnect(IAsyncResult asyncResult)
   在 ESB.Core.Rpc.CometClient.ConnectCallback(IAsyncResult ar) 位置 f:\Tony\MyCode\SOA\LIB\SRC\Core\ESB.Core\Rpc\CometClient.cs:行号 59
09:17:49.801 45 Y - 与服务器失去联系：无法与服务器建立连接：System.Net.Sockets.SocketException (0x80004005): 由于连接方在一段时间后没有正确答复或连接的主机没有反应，连接尝试失败。 192.168.56.2:5556
   在 System.Net.Sockets.Socket.EndConnect(IAsyncResult asyncResult)
   在 ESB.Core.Rpc.CometClient.ConnectCallback(IAsyncResult ar) 位置 f:\Tony\MyCode\SOA\LIB\SRC\Core\ESB.Core\Rpc\CometClient.cs:行号 59
09:17:49.804 45 Y - 与服务器失去联系：无法与服务器建立连接：System.Net.Sockets.SocketException (0x80004005): 由于连接方在一段时间后没有正确答复或连接的主机没有反应，连接尝试失败。 192.168.56.2:5555
   在 System.Net.Sockets.Socket.EndConnect(IAsyncResult asyncResult)
   在 ESB.Core.Rpc.CometClient.ConnectCallback(IAsyncResult ar) 位置 f:\Tony\MyCode\SOA\LIB\SRC\Core\ESB.Core\Rpc\CometClient.cs:行号 59
09:18:15.799 51 Y - 与服务器失去联系：无法与服务器建立连接：System.Net.Sockets.SocketException (0x80004005): 由于连接方在一段时间后没有正确答复或连接的主机没有反应，连接尝试失败。 192.168.56.2:5555
   在 System.Net.Sockets.Socket.EndConnect(IAsyncResult asyncResult)
   在 ESB.Core.Rpc.CometClient.ConnectCallback(IAsyncResult ar) 位置 f:\Tony\MyCode\SOA\LIB\SRC\Core\ESB.Core\Rpc\CometClient.cs:行号 59
09:18:15.805 55 Y - 与服务器失去联系：无法与服务器建立连接：System.Net.Sockets.SocketException (0x80004005): 由于连接方在一段时间后没有正确答复或连接的主机没有反应，连接尝试失败。 192.168.56.2:5556
   在 System.Net.Sockets.Socket.EndConnect(IAsyncResult asyncResult)
   在 ESB.Core.Rpc.CometClient.ConnectCallback(IAsyncResult ar) 位置 f:\Tony\MyCode\SOA\LIB\SRC\Core\ESB.Core\Rpc\CometClient.cs:行号 59
09:18:41.799 55 Y - 与服务器失去联系：无法与服务器建立连接：System.Net.Sockets.SocketException (0x80004005): 由于连接方在一段时间后没有正确答复或连接的主机没有反应，连接尝试失败。 192.168.56.2:5555
   在 System.Net.Sockets.Socket.EndConnect(IAsyncResult asyncResult)
   在 ESB.Core.Rpc.CometClient.ConnectCallback(IAsyncResult ar) 位置 f:\Tony\MyCode\SOA\LIB\SRC\Core\ESB.Core\Rpc\CometClient.cs:行号 59
09:18:41.800 45 Y - 与服务器失去联系：无法与服务器建立连接：System.Net.Sockets.SocketException (0x80004005): 由于连接方在一段时间后没有正确答复或连接的主机没有反应，连接尝试失败。 192.168.56.2:5556
   在 System.Net.Sockets.Socket.EndConnect(IAsyncResult asyncResult)
   在 ESB.Core.Rpc.CometClient.ConnectCallback(IAsyncResult ar) 位置 f:\Tony\MyCode\SOA\LIB\SRC\Core\ESB.Core\Rpc\CometClient.cs:行号 59
09:19:07.805 55 Y - 与服务器失去联系：无法与服务器建立连接：System.Net.Sockets.SocketException (0x80004005): 由于连接方在一段时间后没有正确答复或连接的主机没有反应，连接尝试失败。 192.168.56.2:5555
   在 System.Net.Sockets.Socket.EndConnect(IAsyncResult asyncResult)
   在 ESB.Core.Rpc.CometClient.ConnectCallback(IAsyncResult ar) 位置 f:\Tony\MyCode\SOA\LIB\SRC\Core\ESB.Core\Rpc\CometClient.cs:行号 59
09:19:07.807 55 Y - 与服务器失去联系：无法与服务器建立连接：System.Net.Sockets.SocketException (0x80004005): 由于连接方在一段时间后没有正确答复或连接的主机没有反应，连接尝试失败。 192.168.56.2:5556
   在 System.Net.Sockets.Socket.EndConnect(IAsyncResult asyncResult)
   在 ESB.Core.Rpc.CometClient.ConnectCallback(IAsyncResult ar) 位置 f:\Tony\MyCode\SOA\LIB\SRC\Core\ESB.Core\Rpc\CometClient.cs:行号 59
09:19:33.803 55 Y - 与服务器失去联系：无法与服务器建立连接：System.Net.Sockets.SocketException (0x80004005): 由于连接方在一段时间后没有正确答复或连接的主机没有反应，连接尝试失败。 192.168.56.2:5556
   在 System.Net.Sockets.Socket.EndConnect(IAsyncResult asyncResult)
   在 ESB.Core.Rpc.CometClient.ConnectCallback(IAsyncResult ar) 位置 f:\Tony\MyCode\SOA\LIB\SRC\Core\ESB.Core\Rpc\CometClient.cs:行号 59
09:19:33.806 32 Y - 与服务器失去联系：无法与服务器建立连接：System.Net.Sockets.SocketException (0x80004005): 由于连接方在一段时间后没有正确答复或连接的主机没有反应，连接尝试失败。 192.168.56.2:5555
   在 System.Net.Sockets.Socket.EndConnect(IAsyncResult asyncResult)
   在 ESB.Core.Rpc.CometClient.ConnectCallback(IAsyncResult ar) 位置 f:\Tony\MyCode\SOA\LIB\SRC\Core\ESB.Core\Rpc\CometClient.cs:行号 59
09:19:59.801 32 Y - 与服务器失去联系：无法与服务器建立连接：System.Net.Sockets.SocketException (0x80004005): 由于连接方在一段时间后没有正确答复或连接的主机没有反应，连接尝试失败。 192.168.56.2:5556
   在 System.Net.Sockets.Socket.EndConnect(IAsyncResult asyncResult)
   在 ESB.Core.Rpc.CometClient.ConnectCallback(IAsyncResult ar) 位置 f:\Tony\MyCode\SOA\LIB\SRC\Core\ESB.Core\Rpc\CometClient.cs:行号 59
09:19:59.809 32 Y - 与服务器失去联系：无法与服务器建立连接：System.Net.Sockets.SocketException (0x80004005): 由于连接方在一段时间后没有正确答复或连接的主机没有反应，连接尝试失败。 192.168.56.2:5555
   在 System.Net.Sockets.Socket.EndConnect(IAsyncResult asyncResult)
   在 ESB.Core.Rpc.CometClient.ConnectCallback(IAsyncResult ar) 位置 f:\Tony\MyCode\SOA\LIB\SRC\Core\ESB.Core\Rpc\CometClient.cs:行号 59
09:20:25.804 32 Y - 与服务器失去联系：无法与服务器建立连接：System.Net.Sockets.SocketException (0x80004005): 由于连接方在一段时间后没有正确答复或连接的主机没有反应，连接尝试失败。 192.168.56.2:5556
   在 System.Net.Sockets.Socket.EndConnect(IAsyncResult asyncResult)
   在 ESB.Core.Rpc.CometClient.ConnectCallback(IAsyncResult ar) 位置 f:\Tony\MyCode\SOA\LIB\SRC\Core\ESB.Core\Rpc\CometClient.cs:行号 59
09:20:25.818 58 Y - 与服务器失去联系：无法与服务器建立连接：System.Net.Sockets.SocketException (0x80004005): 由于连接方在一段时间后没有正确答复或连接的主机没有反应，连接尝试失败。 192.168.56.2:5555
   在 System.Net.Sockets.Socket.EndConnect(IAsyncResult asyncResult)
   在 ESB.Core.Rpc.CometClient.ConnectCallback(IAsyncResult ar) 位置 f:\Tony\MyCode\SOA\LIB\SRC\Core\ESB.Core\Rpc\CometClient.cs:行号 59
09:20:51.804 58 Y - 与服务器失去联系：无法与服务器建立连接：System.Net.Sockets.SocketException (0x80004005): 由于连接方在一段时间后没有正确答复或连接的主机没有反应，连接尝试失败。 192.168.56.2:5556
   在 System.Net.Sockets.Socket.EndConnect(IAsyncResult asyncResult)
   在 ESB.Core.Rpc.CometClient.ConnectCallback(IAsyncResult ar) 位置 f:\Tony\MyCode\SOA\LIB\SRC\Core\ESB.Core\Rpc\CometClient.cs:行号 59
09:20:51.831 58 Y - 与服务器失去联系：无法与服务器建立连接：System.Net.Sockets.SocketException (0x80004005): 由于连接方在一段时间后没有正确答复或连接的主机没有反应，连接尝试失败。 192.168.56.2:5555
   在 System.Net.Sockets.Socket.EndConnect(IAsyncResult asyncResult)
   在 ESB.Core.Rpc.CometClient.ConnectCallback(IAsyncResult ar) 位置 f:\Tony\MyCode\SOA\LIB\SRC\Core\ESB.Core\Rpc\CometClient.cs:行号 59
09:21:17.807 71 Y - 与服务器失去联系：无法与服务器建立连接：System.Net.Sockets.SocketException (0x80004005): 由于连接方在一段时间后没有正确答复或连接的主机没有反应，连接尝试失败。 192.168.56.2:5556
   在 System.Net.Sockets.Socket.EndConnect(IAsyncResult asyncResult)
   在 ESB.Core.Rpc.CometClient.ConnectCallback(IAsyncResult ar) 位置 f:\Tony\MyCode\SOA\LIB\SRC\Core\ESB.Core\Rpc\CometClient.cs:行号 59
09:21:17.831 67 Y - 与服务器失去联系：无法与服务器建立连接：System.Net.Sockets.SocketException (0x80004005): 由于连接方在一段时间后没有正确答复或连接的主机没有反应，连接尝试失败。 192.168.56.2:5555
   在 System.Net.Sockets.Socket.EndConnect(IAsyncResult asyncResult)
   在 ESB.Core.Rpc.CometClient.ConnectCallback(IAsyncResult ar) 位置 f:\Tony\MyCode\SOA\LIB\SRC\Core\ESB.Core\Rpc\CometClient.cs:行号 59
09:21:43.811 67 Y - 与服务器失去联系：无法与服务器建立连接：System.Net.Sockets.SocketException (0x80004005): 由于连接方在一段时间后没有正确答复或连接的主机没有反应，连接尝试失败。 192.168.56.2:5556
   在 System.Net.Sockets.Socket.EndConnect(IAsyncResult asyncResult)
   在 ESB.Core.Rpc.CometClient.ConnectCallback(IAsyncResult ar) 位置 f:\Tony\MyCode\SOA\LIB\SRC\Core\ESB.Core\Rpc\CometClient.cs:行号 59
09:21:43.826 67 Y - 与服务器失去联系：无法与服务器建立连接：System.Net.Sockets.SocketException (0x80004005): 由于连接方在一段时间后没有正确答复或连接的主机没有反应，连接尝试失败。 192.168.56.2:5555
   在 System.Net.Sockets.Socket.EndConnect(IAsyncResult asyncResult)
   在 ESB.Core.Rpc.CometClient.ConnectCallback(IAsyncResult ar) 位置 f:\Tony\MyCode\SOA\LIB\SRC\Core\ESB.Core\Rpc\CometClient.cs:行号 59
09:22:09.819 67 Y - 与服务器失去联系：无法与服务器建立连接：System.Net.Sockets.SocketException (0x80004005): 由于连接方在一段时间后没有正确答复或连接的主机没有反应，连接尝试失败。 192.168.56.2:5556
   在 System.Net.Sockets.Socket.EndConnect(IAsyncResult asyncResult)
   在 ESB.Core.Rpc.CometClient.ConnectCallback(IAsyncResult ar) 位置 f:\Tony\MyCode\SOA\LIB\SRC\Core\ESB.Core\Rpc\CometClient.cs:行号 59
09:22:09.827 67 Y - 与服务器失去联系：无法与服务器建立连接：System.Net.Sockets.SocketException (0x80004005): 由于连接方在一段时间后没有正确答复或连接的主机没有反应，连接尝试失败。 192.168.56.2:5555
   在 System.Net.Sockets.Socket.EndConnect(IAsyncResult asyncResult)
   在 ESB.Core.Rpc.CometClient.ConnectCallback(IAsyncResult ar) 位置 f:\Tony\MyCode\SOA\LIB\SRC\Core\ESB.Core\Rpc\CometClient.cs:行号 59
09:22:35.816 67 Y - 与服务器失去联系：无法与服务器建立连接：System.Net.Sockets.SocketException (0x80004005): 由于连接方在一段时间后没有正确答复或连接的主机没有反应，连接尝试失败。 192.168.56.2:5556
   在 System.Net.Sockets.Socket.EndConnect(IAsyncResult asyncResult)
   在 ESB.Core.Rpc.CometClient.ConnectCallback(IAsyncResult ar) 位置 f:\Tony\MyCode\SOA\LIB\SRC\Core\ESB.Core\Rpc\CometClient.cs:行号 59
09:22:35.832 67 Y - 与服务器失去联系：无法与服务器建立连接：System.Net.Sockets.SocketException (0x80004005): 由于连接方在一段时间后没有正确答复或连接的主机没有反应，连接尝试失败。 192.168.56.2:5555
   在 System.Net.Sockets.Socket.EndConnect(IAsyncResult asyncResult)
   在 ESB.Core.Rpc.CometClient.ConnectCallback(IAsyncResult ar) 位置 f:\Tony\MyCode\SOA\LIB\SRC\Core\ESB.Core\Rpc\CometClient.cs:行号 59
09:23:01.815 67 Y - 与服务器失去联系：无法与服务器建立连接：System.Net.Sockets.SocketException (0x80004005): 由于连接方在一段时间后没有正确答复或连接的主机没有反应，连接尝试失败。 192.168.56.2:5556
   在 System.Net.Sockets.Socket.EndConnect(IAsyncResult asyncResult)
   在 ESB.Core.Rpc.CometClient.ConnectCallback(IAsyncResult ar) 位置 f:\Tony\MyCode\SOA\LIB\SRC\Core\ESB.Core\Rpc\CometClient.cs:行号 59
09:23:01.826 67 Y - 与服务器失去联系：无法与服务器建立连接：System.Net.Sockets.SocketException (0x80004005): 由于连接方在一段时间后没有正确答复或连接的主机没有反应，连接尝试失败。 192.168.56.2:5555
   在 System.Net.Sockets.Socket.EndConnect(IAsyncResult asyncResult)
   在 ESB.Core.Rpc.CometClient.ConnectCallback(IAsyncResult ar) 位置 f:\Tony\MyCode\SOA\LIB\SRC\Core\ESB.Core\Rpc\CometClient.cs:行号 59
09:23:27.818 67 Y - 与服务器失去联系：无法与服务器建立连接：System.Net.Sockets.SocketException (0x80004005): 由于连接方在一段时间后没有正确答复或连接的主机没有反应，连接尝试失败。 192.168.56.2:5556
   在 System.Net.Sockets.Socket.EndConnect(IAsyncResult asyncResult)
   在 ESB.Core.Rpc.CometClient.ConnectCallback(IAsyncResult ar) 位置 f:\Tony\MyCode\SOA\LIB\SRC\Core\ESB.Core\Rpc\CometClient.cs:行号 59
09:23:27.826 67 Y - 与服务器失去联系：无法与服务器建立连接：System.Net.Sockets.SocketException (0x80004005): 由于连接方在一段时间后没有正确答复或连接的主机没有反应，连接尝试失败。 192.168.56.2:5555
   在 System.Net.Sockets.Socket.EndConnect(IAsyncResult asyncResult)
   在 ESB.Core.Rpc.CometClient.ConnectCallback(IAsyncResult ar) 位置 f:\Tony\MyCode\SOA\LIB\SRC\Core\ESB.Core\Rpc\CometClient.cs:行号 59
09:23:53.820 67 Y - 与服务器失去联系：无法与服务器建立连接：System.Net.Sockets.SocketException (0x80004005): 由于连接方在一段时间后没有正确答复或连接的主机没有反应，连接尝试失败。 192.168.56.2:5556
   在 System.Net.Sockets.Socket.EndConnect(IAsyncResult asyncResult)
   在 ESB.Core.Rpc.CometClient.ConnectCallback(IAsyncResult ar) 位置 f:\Tony\MyCode\SOA\LIB\SRC\Core\ESB.Core\Rpc\CometClient.cs:行号 59
09:23:53.828 67 Y - 与服务器失去联系：无法与服务器建立连接：System.Net.Sockets.SocketException (0x80004005): 由于连接方在一段时间后没有正确答复或连接的主机没有反应，连接尝试失败。 192.168.56.2:5555
   在 System.Net.Sockets.Socket.EndConnect(IAsyncResult asyncResult)
   在 ESB.Core.Rpc.CometClient.ConnectCallback(IAsyncResult ar) 位置 f:\Tony\MyCode\SOA\LIB\SRC\Core\ESB.Core\Rpc\CometClient.cs:行号 59
09:24:19.819 67 Y - 与服务器失去联系：无法与服务器建立连接：System.Net.Sockets.SocketException (0x80004005): 由于连接方在一段时间后没有正确答复或连接的主机没有反应，连接尝试失败。 192.168.56.2:5556
   在 System.Net.Sockets.Socket.EndConnect(IAsyncResult asyncResult)
   在 ESB.Core.Rpc.CometClient.ConnectCallback(IAsyncResult ar) 位置 f:\Tony\MyCode\SOA\LIB\SRC\Core\ESB.Core\Rpc\CometClient.cs:行号 59
09:24:19.832 67 Y - 与服务器失去联系：无法与服务器建立连接：System.Net.Sockets.SocketException (0x80004005): 由于连接方在一段时间后没有正确答复或连接的主机没有反应，连接尝试失败。 192.168.56.2:5555
   在 System.Net.Sockets.Socket.EndConnect(IAsyncResult asyncResult)
   在 ESB.Core.Rpc.CometClient.ConnectCallback(IAsyncResult ar) 位置 f:\Tony\MyCode\SOA\LIB\SRC\Core\ESB.Core\Rpc\CometClient.cs:行号 59
09:24:45.816 67 Y - 与服务器失去联系：无法与服务器建立连接：System.Net.Sockets.SocketException (0x80004005): 由于连接方在一段时间后没有正确答复或连接的主机没有反应，连接尝试失败。 192.168.56.2:5556
   在 System.Net.Sockets.Socket.EndConnect(IAsyncResult asyncResult)
   在 ESB.Core.Rpc.CometClient.ConnectCallback(IAsyncResult ar) 位置 f:\Tony\MyCode\SOA\LIB\SRC\Core\ESB.Core\Rpc\CometClient.cs:行号 59
09:24:45.833 67 Y - 与服务器失去联系：无法与服务器建立连接：System.Net.Sockets.SocketException (0x80004005): 由于连接方在一段时间后没有正确答复或连接的主机没有反应，连接尝试失败。 192.168.56.2:5555
   在 System.Net.Sockets.Socket.EndConnect(IAsyncResult asyncResult)
   在 ESB.Core.Rpc.CometClient.ConnectCallback(IAsyncResult ar) 位置 f:\Tony\MyCode\SOA\LIB\SRC\Core\ESB.Core\Rpc\CometClient.cs:行号 59

#Software: .
#ProcessID: 1180
#AppDomain: /LM/W3SVC/1/ROOT/Portal-1-130553974090984492
#BaseDirectory: F:\Tony\MyCode\SOA\LIB\SRC\Portal\
#Date: 2014-09-17
#Fields: Time ThreadID IsPoolThread ThreadName Message
11:16:50.253 1 N - NewLife.Core v3.8.2012.0803 Build 2014-09-15 15:45:54
11:16:50.277 1 N - MB.ESB.Core v1.0.2014.0910 Build 2014-09-16 18:01:02
11:16:50.436 8 Y - 成功连接到注册中心。
11:16:50.436 1 N - ESBProxy Init 耗时：229ms。
11:16:50.643 11 Y - 成功连接到消息队列。
11:16:51.516 9 Y - 成功连接到监控中心。

#Software: .
#ProcessID: 1180
#AppDomain: /LM/W3SVC/1/ROOT/Portal-3-130553987464262683
#BaseDirectory: F:\Tony\MyCode\SOA\LIB\SRC\Portal\
#Date: 2014-09-17
#Fields: Time ThreadID IsPoolThread ThreadName Message
11:39:15.599 30 N - NewLife.Core v3.8.2012.0803 Build 2014-09-15 15:45:54
11:39:15.605 30 N - MB.ESB.Core v1.0.2014.0910 Build 2014-09-16 18:01:02
11:39:15.697 41 Y - 成功连接到注册中心。
11:39:15.698 30 N - ESBProxy Init 耗时：119ms。
11:39:15.771 8 Y - 成功连接到监控中心。
11:39:15.915 37 Y - 成功连接到消息队列。

#Software: .
#ProcessID: 1180
#AppDomain: /LM/W3SVC/1/ROOT/Portal-4-130553988203021493
#BaseDirectory: F:\Tony\MyCode\SOA\LIB\SRC\Portal\
#Date: 2014-09-17
#Fields: Time ThreadID IsPoolThread ThreadName Message
11:40:30.459 30 N - NewLife.Core v3.8.2012.0803 Build 2014-09-15 15:45:54
11:40:30.464 30 N - MB.ESB.Core v1.0.2014.0910 Build 2014-09-16 18:01:02
11:40:30.560 30 N - ESBProxy Init 耗时：133ms。
11:40:30.574 16 Y - 成功连接到注册中心。
11:40:30.668 33 Y - 成功连接到监控中心。
11:40:30.730 40 Y - 成功连接到消息队列。

#Software: .
#ProcessID: 10384
#AppDomain: /LM/W3SVC/1/ROOT/Portal-1-130554055609731058
#BaseDirectory: F:\Tony\MyCode\SOA\LIB\SRC\Portal\
#Date: 2014-09-17
#Fields: Time ThreadID IsPoolThread ThreadName Message
13:32:41.180 1 N - NewLife.Core v3.8.2012.0803 Build 2014-09-15 15:45:54
13:32:41.186 1 N - MB.ESB.Core v1.0.2014.0910 Build 2014-09-16 18:01:02
13:32:41.337 1 N - ESBProxy Init 耗时：184ms。
13:32:41.337 8 Y - 成功连接到注册中心。
13:32:41.587 10 Y - 成功连接到消息队列。
13:32:42.210 8 Y - 成功连接到监控中心。

#Software: .
#ProcessID: 10384
#AppDomain: /LM/W3SVC/1/ROOT/Portal-3-130554061910336133
#BaseDirectory: F:\Tony\MyCode\SOA\LIB\SRC\Portal\
#Date: 2014-09-17
#Fields: Time ThreadID IsPoolThread ThreadName Message
13:43:18.430 1 N - NewLife.Core v3.8.2012.0803 Build 2014-09-15 15:45:54
13:43:18.436 1 N - MB.ESB.Core v1.0.2014.0910 Build 2014-09-16 18:01:02
13:43:18.528 10 Y - 成功连接到注册中心。
13:43:18.529 1 N - ESBProxy Init 耗时：118ms。
13:43:18.635 10 Y - 成功连接到监控中心。
13:43:18.715 34 Y - 成功连接到消息队列。

#Software: .
#ProcessID: 10384
#AppDomain: /LM/W3SVC/1/ROOT/Portal-4-130554064220894537
#BaseDirectory: F:\Tony\MyCode\SOA\LIB\SRC\Portal\
#Date: 2014-09-17
#Fields: Time ThreadID IsPoolThread ThreadName Message
13:47:11.571 34 N - NewLife.Core v3.8.2012.0803 Build 2014-09-15 15:45:54
13:47:11.577 34 N - MB.ESB.Core v1.0.2014.0910 Build 2014-09-16 18:01:02
13:47:11.667 8 Y - 成功连接到注册中心。
13:47:11.668 34 N - ESBProxy Init 耗时：115ms。
13:47:11.788 8 Y - 成功连接到监控中心。
13:47:11.907 36 Y - 成功连接到消息队列。

#Software: .
#ProcessID: 10384
#AppDomain: /LM/W3SVC/1/ROOT/Portal-5-130554072036962052
#BaseDirectory: F:\Tony\MyCode\SOA\LIB\SRC\Portal\
#Date: 2014-09-17
#Fields: Time ThreadID IsPoolThread ThreadName Message
14:00:15.069 34 N - NewLife.Core v3.8.2012.0803 Build 2014-09-15 15:45:54
14:00:15.074 34 N - MB.ESB.Core v1.0.2014.0910 Build 2014-09-16 18:01:02
14:00:15.181 17 Y - 成功连接到注册中心。
14:00:15.181 34 N - ESBProxy Init 耗时：132ms。
14:00:15.269 28 Y - 成功连接到监控中心。
14:00:15.387 35 Y - 成功连接到消息队列。

#Software: .
#ProcessID: 5032
#AppDomain: /LM/W3SVC/1/ROOT/Portal-1-130554078368931110
#BaseDirectory: F:\Tony\MyCode\SOA\LIB\SRC\Portal\
#Date: 2014-09-17
#Fields: Time ThreadID IsPoolThread ThreadName Message
14:10:37.041 1 N - NewLife.Core v3.8.2012.0803 Build 2014-09-15 15:45:54
14:10:37.047 1 N - MB.ESB.Core v1.0.2014.0910 Build 2014-09-16 18:01:02
14:10:37.197 1 N - ESBProxy Init 耗时：184ms。
14:10:37.218 12 Y - 成功连接到注册中心。
14:10:37.480 6 Y - 成功连接到消息队列。
14:10:38.192 13 Y - 成功连接到监控中心。

#Software: .
#ProcessID: 2940
#AppDomain: /LM/W3SVC/1/ROOT/Portal-1-130554079047512278
#BaseDirectory: F:\Tony\MyCode\SOA\LIB\SRC\Portal\
#Date: 2014-09-17
#Fields: Time ThreadID IsPoolThread ThreadName Message
14:11:44.889 1 N - NewLife.Core v3.8.2012.0803 Build 2014-09-15 15:45:54
14:11:44.890 1 N - MB.ESB.Core v1.0.2014.0910 Build 2014-09-16 18:01:02
14:11:45.026 1 N - ESBProxy Init 耗时：165ms。
14:11:45.040 12 Y - 成功连接到注册中心。
14:11:45.221 7 Y - 成功连接到消息队列。
14:11:45.950 12 Y - 成功连接到监控中心。

#Software: .
#ProcessID: 2940
#AppDomain: /LM/W3SVC/1/ROOT/Portal-4-130554100756633987
#BaseDirectory: F:\Tony\MyCode\SOA\LIB\SRC\Portal\
#Date: 2014-09-17
#Fields: Time ThreadID IsPoolThread ThreadName Message
14:48:02.926 15 N - NewLife.Core v3.8.2012.0803 Build 2014-09-15 15:45:54
14:48:02.933 15 N - MB.ESB.Core v1.0.2014.0910 Build 2014-09-16 18:01:02
14:48:03.024 7 Y - 成功连接到注册中心。
14:48:03.024 15 N - ESBProxy Init 耗时：122ms。
14:48:03.244 36 Y - 成功连接到消息队列。
14:48:03.656 31 Y - 成功连接到监控中心。

#Software: .
#ProcessID: 2940
#AppDomain: /LM/W3SVC/1/ROOT/Portal-6-130554116375792368
#BaseDirectory: F:\Tony\MyCode\SOA\LIB\SRC\Portal\
#Date: 2014-09-17
#Fields: Time ThreadID IsPoolThread ThreadName Message
15:14:04.399 7 N - NewLife.Core v3.8.2012.0803 Build 2014-09-15 15:45:54
15:14:04.405 7 N - MB.ESB.Core v1.0.2014.0910 Build 2014-09-17 15:12:28
15:14:04.501 31 Y - 成功连接到注册中心。
15:14:04.503 7 N - ESBProxy Init 耗时：123ms。
15:14:04.671 33 Y - 成功连接到消息队列。
15:14:05.193 18 Y - 成功连接到监控中心。

#Software: .
#ProcessID: 2532
#AppDomain: /LM/W3SVC/1/ROOT/Portal-1-130554173206884000
#BaseDirectory: F:\Tony\MyCode\SOA\LIB\SRC\Portal\
#Date: 2014-09-17
#Fields: Time ThreadID IsPoolThread ThreadName Message
16:48:48.598 1 N - NewLife.Core v3.8.2012.0803 Build 2014-09-15 15:45:54
16:48:48.607 1 N - MB.ESB.Core v1.0.2014.0910 Build 2014-09-17 16:37:30
16:48:48.700 8 Y - 成功连接到注册中心。
16:48:48.702 1 N - ESBProxy Init 耗时：133ms。
16:48:48.927 10 Y - 成功连接到消息队列。
16:48:50.386 19 Y - 成功连接到监控中心。

#Software: .
#ProcessID: 2532
#AppDomain: /LM/W3SVC/1/ROOT/Portal-4-130554193179755233
#BaseDirectory: F:\Tony\MyCode\SOA\LIB\SRC\Portal\
#Date: 2014-09-17
#Fields: Time ThreadID IsPoolThread ThreadName Message
17:22:04.697 23 N - NewLife.Core v3.8.2012.0803 Build 2014-09-15 15:45:54
17:22:04.703 23 N - MB.ESB.Core v1.0.2014.0910 Build 2014-09-17 16:37:30
17:22:04.793 45 Y - 成功连接到注册中心。
17:22:04.794 23 N - ESBProxy Init 耗时：114ms。
17:22:04.975 33 Y - 成功连接到消息队列。
17:22:05.442 12 Y - 成功连接到监控中心。

#Software: .
#ProcessID: 2532
#AppDomain: /LM/W3SVC/1/ROOT/Portal-5-130554206564629896
#BaseDirectory: F:\Tony\MyCode\SOA\LIB\SRC\Portal\
#Date: 2014-09-17
#Fields: Time ThreadID IsPoolThread ThreadName Message
17:44:16.591 33 N - NewLife.Core v3.8.2012.0803 Build 2014-09-15 15:45:54
17:44:16.597 33 N - MB.ESB.Core v1.0.2014.0910 Build 2014-09-17 16:37:30
17:44:16.690 39 Y - 成功连接到注册中心。
17:44:16.691 33 N - ESBProxy Init 耗时：118ms。
17:44:16.749 39 Y - 成功连接到监控中心。
17:44:16.878 10 Y - 成功连接到消息队列。

#Software: .
#ProcessID: 2532
#AppDomain: /LM/W3SVC/1/ROOT/Portal-6-130554211287084571
#BaseDirectory: F:\Tony\MyCode\SOA\LIB\SRC\Portal\
#Date: 2014-09-17
#Fields: Time ThreadID IsPoolThread ThreadName Message
17:52:08.832 15 N - NewLife.Core v3.8.2012.0803 Build 2014-09-15 15:45:54
17:52:08.839 15 N - MB.ESB.Core v1.0.2014.0910 Build 2014-09-17 16:37:30
17:52:08.929 19 Y - 成功连接到注册中心。
17:52:08.929 15 N - ESBProxy Init 耗时：114ms。
17:52:09.017 45 Y - 成功连接到监控中心。
17:52:09.099 32 Y - 成功连接到消息队列。

#Software: .
#ProcessID: 12520
#AppDomain: /LM/W3SVC/1/ROOT/Portal-1-130554243016718723
#BaseDirectory: F:\Tony\MyCode\SOA\LIB\SRC\Portal\
#Date: 2014-09-17
#Fields: Time ThreadID IsPoolThread ThreadName Message
18:45:01.826 1 N - NewLife.Core v3.8.2012.0803 Build 2014-09-15 15:45:54
18:45:01.832 1 N - MB.ESB.Core v1.0.2014.0910 Build 2014-09-17 16:37:30
18:45:01.985 8 Y - 成功连接到注册中心。
18:45:01.986 1 N - ESBProxy Init 耗时：189ms。
18:45:02.196 10 Y - 成功连接到消息队列。
18:45:02.988 14 Y - 成功连接到监控中心。
19:23:28.320 11 Y - 与服务器失去联系：System.Net.Sockets.SocketException (0x80004005): 远程主机强迫关闭了一个现有的连接。
   在 System.Net.Sockets.Socket.EndReceive(IAsyncResult asyncResult)
   在 ESB.Core.Rpc.CometClient.ReceiveCallback(IAsyncResult ar) 位置 f:\Tony\MyCode\SOA\LIB\SRC\Core\ESB.Core\Rpc\CometClient.cs:行号 83
19:23:54.425 11 Y - 与服务器失去联系：无法与服务器建立连接：System.Net.Sockets.SocketException (0x80004005): 由于连接方在一段时间后没有正确答复或连接的主机没有反应，连接尝试失败。 192.168.56.2:5555
   在 System.Net.Sockets.Socket.EndConnect(IAsyncResult asyncResult)
   在 ESB.Core.Rpc.CometClient.ConnectCallback(IAsyncResult ar) 位置 f:\Tony\MyCode\SOA\LIB\SRC\Core\ESB.Core\Rpc\CometClient.cs:行号 59
19:24:20.463 11 Y - 与服务器失去联系：无法与服务器建立连接：System.Net.Sockets.SocketException (0x80004005): 由于连接方在一段时间后没有正确答复或连接的主机没有反应，连接尝试失败。 192.168.56.2:5555
   在 System.Net.Sockets.Socket.EndConnect(IAsyncResult asyncResult)
   在 ESB.Core.Rpc.CometClient.ConnectCallback(IAsyncResult ar) 位置 f:\Tony\MyCode\SOA\LIB\SRC\Core\ESB.Core\Rpc\CometClient.cs:行号 59
19:24:27.158 11 Y - 与服务器失去联系：System.Net.Sockets.SocketException (0x80004005): 远程主机强迫关闭了一个现有的连接。
   在 System.Net.Sockets.Socket.EndReceive(IAsyncResult asyncResult)
   在 ESB.Core.Rpc.CometClient.ReceiveCallback(IAsyncResult ar) 位置 f:\Tony\MyCode\SOA\LIB\SRC\Core\ESB.Core\Rpc\CometClient.cs:行号 83
19:24:46.470 11 Y - 与服务器失去联系：无法与服务器建立连接：System.Net.Sockets.SocketException (0x80004005): 由于连接方在一段时间后没有正确答复或连接的主机没有反应，连接尝试失败。 192.168.56.2:5555
   在 System.Net.Sockets.Socket.EndConnect(IAsyncResult asyncResult)
   在 ESB.Core.Rpc.CometClient.ConnectCallback(IAsyncResult ar) 位置 f:\Tony\MyCode\SOA\LIB\SRC\Core\ESB.Core\Rpc\CometClient.cs:行号 59
19:24:53.204 11 Y - 与服务器失去联系：无法与服务器建立连接：System.Net.Sockets.SocketException (0x80004005): 由于连接方在一段时间后没有正确答复或连接的主机没有反应，连接尝试失败。 192.168.56.2:5556
   在 System.Net.Sockets.Socket.EndConnect(IAsyncResult asyncResult)
   在 ESB.Core.Rpc.CometClient.ConnectCallback(IAsyncResult ar) 位置 f:\Tony\MyCode\SOA\LIB\SRC\Core\ESB.Core\Rpc\CometClient.cs:行号 59

#Software: .
#ProcessID: 11676
#AppDomain: /LM/W3SVC/1/ROOT/Portal-1-130554269650265754
#BaseDirectory: F:\Tony\MyCode\SOA\LIB\SRC\Portal\
#Date: 2014-09-17
#Fields: Time ThreadID IsPoolThread ThreadName Message
19:29:33.652 1 N - NewLife.Core v3.8.2012.0803 Build 2014-09-17 19:24:58
19:29:33.658 1 N - MB.ESB.Core v1.0.2014.0910 Build 2014-09-17 19:25:02
19:29:33.769 8 Y - 成功连接到注册中心。
19:29:33.769 1 N - ESBProxy Init 耗时：152ms。
19:29:34.090 10 Y - 成功连接到消息队列。
19:29:35.574 7 Y - 成功连接到监控中心。
19:32:16.294 7 Y - 与服务器失去联系：System.Net.Sockets.SocketException (0x80004005): 远程主机强迫关闭了一个现有的连接。
   在 System.Net.Sockets.Socket.EndReceive(IAsyncResult asyncResult)
   在 ESB.Core.Rpc.CometClient.ReceiveCallback(IAsyncResult ar) 位置 f:\Tony\MyCode\SOA\LIB\SRC\Core\ESB.Core\Rpc\CometClient.cs:行号 83
19:32:42.422 13 Y - 与服务器失去联系：无法与服务器建立连接：System.Net.Sockets.SocketException (0x80004005): 由于连接方在一段时间后没有正确答复或连接的主机没有反应，连接尝试失败。 192.168.56.2:5555
   在 System.Net.Sockets.Socket.EndConnect(IAsyncResult asyncResult)
   在 ESB.Core.Rpc.CometClient.ConnectCallback(IAsyncResult ar) 位置 f:\Tony\MyCode\SOA\LIB\SRC\Core\ESB.Core\Rpc\CometClient.cs:行号 59
19:32:43.603 13 Y - 与服务器失去联系：System.Net.Sockets.SocketException (0x80004005): 远程主机强迫关闭了一个现有的连接。
   在 System.Net.Sockets.Socket.EndReceive(IAsyncResult asyncResult)
   在 ESB.Core.Rpc.CometClient.ReceiveCallback(IAsyncResult ar) 位置 f:\Tony\MyCode\SOA\LIB\SRC\Core\ESB.Core\Rpc\CometClient.cs:行号 83
19:33:08.421 13 Y - 与服务器失去联系：无法与服务器建立连接：System.Net.Sockets.SocketException (0x80004005): 由于连接方在一段时间后没有正确答复或连接的主机没有反应，连接尝试失败。 192.168.56.2:5555
   在 System.Net.Sockets.Socket.EndConnect(IAsyncResult asyncResult)
   在 ESB.Core.Rpc.CometClient.ConnectCallback(IAsyncResult ar) 位置 f:\Tony\MyCode\SOA\LIB\SRC\Core\ESB.Core\Rpc\CometClient.cs:行号 59
19:33:09.615 13 Y - 与服务器失去联系：无法与服务器建立连接：System.Net.Sockets.SocketException (0x80004005): 由于连接方在一段时间后没有正确答复或连接的主机没有反应，连接尝试失败。 192.168.56.2:5556
   在 System.Net.Sockets.Socket.EndConnect(IAsyncResult asyncResult)
   在 ESB.Core.Rpc.CometClient.ConnectCallback(IAsyncResult ar) 位置 f:\Tony\MyCode\SOA\LIB\SRC\Core\ESB.Core\Rpc\CometClient.cs:行号 59
19:33:34.435 13 Y - 与服务器失去联系：无法与服务器建立连接：System.Net.Sockets.SocketException (0x80004005): 由于连接方在一段时间后没有正确答复或连接的主机没有反应，连接尝试失败。 192.168.56.2:5555
   在 System.Net.Sockets.Socket.EndConnect(IAsyncResult asyncResult)
   在 ESB.Core.Rpc.CometClient.ConnectCallback(IAsyncResult ar) 位置 f:\Tony\MyCode\SOA\LIB\SRC\Core\ESB.Core\Rpc\CometClient.cs:行号 59
19:33:35.621 13 Y - 与服务器失去联系：无法与服务器建立连接：System.Net.Sockets.SocketException (0x80004005): 由于连接方在一段时间后没有正确答复或连接的主机没有反应，连接尝试失败。 192.168.56.2:5556
   在 System.Net.Sockets.Socket.EndConnect(IAsyncResult asyncResult)
   在 ESB.Core.Rpc.CometClient.ConnectCallback(IAsyncResult ar) 位置 f:\Tony\MyCode\SOA\LIB\SRC\Core\ESB.Core\Rpc\CometClient.cs:行号 59
19:34:00.440 13 Y - 与服务器失去联系：无法与服务器建立连接：System.Net.Sockets.SocketException (0x80004005): 由于连接方在一段时间后没有正确答复或连接的主机没有反应，连接尝试失败。 192.168.56.2:5555
   在 System.Net.Sockets.Socket.EndConnect(IAsyncResult asyncResult)
   在 ESB.Core.Rpc.CometClient.ConnectCallback(IAsyncResult ar) 位置 f:\Tony\MyCode\SOA\LIB\SRC\Core\ESB.Core\Rpc\CometClient.cs:行号 59
19:34:01.623 13 Y - 与服务器失去联系：无法与服务器建立连接：System.Net.Sockets.SocketException (0x80004005): 由于连接方在一段时间后没有正确答复或连接的主机没有反应，连接尝试失败。 192.168.56.2:5556
   在 System.Net.Sockets.Socket.EndConnect(IAsyncResult asyncResult)
   在 ESB.Core.Rpc.CometClient.ConnectCallback(IAsyncResult ar) 位置 f:\Tony\MyCode\SOA\LIB\SRC\Core\ESB.Core\Rpc\CometClient.cs:行号 59
19:34:26.465 13 Y - 与服务器失去联系：无法与服务器建立连接：System.Net.Sockets.SocketException (0x80004005): 由于连接方在一段时间后没有正确答复或连接的主机没有反应，连接尝试失败。 192.168.56.2:5555
   在 System.Net.Sockets.Socket.EndConnect(IAsyncResult asyncResult)
   在 ESB.Core.Rpc.CometClient.ConnectCallback(IAsyncResult ar) 位置 f:\Tony\MyCode\SOA\LIB\SRC\Core\ESB.Core\Rpc\CometClient.cs:行号 59
19:34:27.624 13 Y - 与服务器失去联系：无法与服务器建立连接：System.Net.Sockets.SocketException (0x80004005): 由于连接方在一段时间后没有正确答复或连接的主机没有反应，连接尝试失败。 192.168.56.2:5556
   在 System.Net.Sockets.Socket.EndConnect(IAsyncResult asyncResult)
   在 ESB.Core.Rpc.CometClient.ConnectCallback(IAsyncResult ar) 位置 f:\Tony\MyCode\SOA\LIB\SRC\Core\ESB.Core\Rpc\CometClient.cs:行号 59
19:34:52.473 13 Y - 与服务器失去联系：无法与服务器建立连接：System.Net.Sockets.SocketException (0x80004005): 由于连接方在一段时间后没有正确答复或连接的主机没有反应，连接尝试失败。 192.168.56.2:5555
   在 System.Net.Sockets.Socket.EndConnect(IAsyncResult asyncResult)
   在 ESB.Core.Rpc.CometClient.ConnectCallback(IAsyncResult ar) 位置 f:\Tony\MyCode\SOA\LIB\SRC\Core\ESB.Core\Rpc\CometClient.cs:行号 59
19:34:53.633 13 Y - 与服务器失去联系：无法与服务器建立连接：System.Net.Sockets.SocketException (0x80004005): 由于连接方在一段时间后没有正确答复或连接的主机没有反应，连接尝试失败。 192.168.56.2:5556
   在 System.Net.Sockets.Socket.EndConnect(IAsyncResult asyncResult)
   在 ESB.Core.Rpc.CometClient.ConnectCallback(IAsyncResult ar) 位置 f:\Tony\MyCode\SOA\LIB\SRC\Core\ESB.Core\Rpc\CometClient.cs:行号 59
19:35:18.477 51 Y - 与服务器失去联系：无法与服务器建立连接：System.Net.Sockets.SocketException (0x80004005): 由于连接方在一段时间后没有正确答复或连接的主机没有反应，连接尝试失败。 192.168.56.2:5555
   在 System.Net.Sockets.Socket.EndConnect(IAsyncResult asyncResult)
   在 ESB.Core.Rpc.CometClient.ConnectCallback(IAsyncResult ar) 位置 f:\Tony\MyCode\SOA\LIB\SRC\Core\ESB.Core\Rpc\CometClient.cs:行号 59
19:35:19.634 51 Y - 与服务器失去联系：无法与服务器建立连接：System.Net.Sockets.SocketException (0x80004005): 由于连接方在一段时间后没有正确答复或连接的主机没有反应，连接尝试失败。 192.168.56.2:5556
   在 System.Net.Sockets.Socket.EndConnect(IAsyncResult asyncResult)
   在 ESB.Core.Rpc.CometClient.ConnectCallback(IAsyncResult ar) 位置 f:\Tony\MyCode\SOA\LIB\SRC\Core\ESB.Core\Rpc\CometClient.cs:行号 59
19:35:44.480 51 Y - 与服务器失去联系：无法与服务器建立连接：System.Net.Sockets.SocketException (0x80004005): 由于连接方在一段时间后没有正确答复或连接的主机没有反应，连接尝试失败。 192.168.56.2:5555
   在 System.Net.Sockets.Socket.EndConnect(IAsyncResult asyncResult)
   在 ESB.Core.Rpc.CometClient.ConnectCallback(IAsyncResult ar) 位置 f:\Tony\MyCode\SOA\LIB\SRC\Core\ESB.Core\Rpc\CometClient.cs:行号 59
19:35:45.663 41 Y - 与服务器失去联系：无法与服务器建立连接：System.Net.Sockets.SocketException (0x80004005): 由于连接方在一段时间后没有正确答复或连接的主机没有反应，连接尝试失败。 192.168.56.2:5556
   在 System.Net.Sockets.Socket.EndConnect(IAsyncResult asyncResult)
   在 ESB.Core.Rpc.CometClient.ConnectCallback(IAsyncResult ar) 位置 f:\Tony\MyCode\SOA\LIB\SRC\Core\ESB.Core\Rpc\CometClient.cs:行号 59
19:36:10.479 41 Y - 与服务器失去联系：无法与服务器建立连接：System.Net.Sockets.SocketException (0x80004005): 由于连接方在一段时间后没有正确答复或连接的主机没有反应，连接尝试失败。 192.168.56.2:5555
   在 System.Net.Sockets.Socket.EndConnect(IAsyncResult asyncResult)
   在 ESB.Core.Rpc.CometClient.ConnectCallback(IAsyncResult ar) 位置 f:\Tony\MyCode\SOA\LIB\SRC\Core\ESB.Core\Rpc\CometClient.cs:行号 59
19:36:11.663 41 Y - 与服务器失去联系：无法与服务器建立连接：System.Net.Sockets.SocketException (0x80004005): 由于连接方在一段时间后没有正确答复或连接的主机没有反应，连接尝试失败。 192.168.56.2:5556
   在 System.Net.Sockets.Socket.EndConnect(IAsyncResult asyncResult)
   在 ESB.Core.Rpc.CometClient.ConnectCallback(IAsyncResult ar) 位置 f:\Tony\MyCode\SOA\LIB\SRC\Core\ESB.Core\Rpc\CometClient.cs:行号 59
19:36:36.478 41 Y - 与服务器失去联系：无法与服务器建立连接：System.Net.Sockets.SocketException (0x80004005): 由于连接方在一段时间后没有正确答复或连接的主机没有反应，连接尝试失败。 192.168.56.2:5555
   在 System.Net.Sockets.Socket.EndConnect(IAsyncResult asyncResult)
   在 ESB.Core.Rpc.CometClient.ConnectCallback(IAsyncResult ar) 位置 f:\Tony\MyCode\SOA\LIB\SRC\Core\ESB.Core\Rpc\CometClient.cs:行号 59
19:36:37.667 40 Y - 与服务器失去联系：无法与服务器建立连接：System.Net.Sockets.SocketException (0x80004005): 由于连接方在一段时间后没有正确答复或连接的主机没有反应，连接尝试失败。 192.168.56.2:5556
   在 System.Net.Sockets.Socket.EndConnect(IAsyncResult asyncResult)
   在 ESB.Core.Rpc.CometClient.ConnectCallback(IAsyncResult ar) 位置 f:\Tony\MyCode\SOA\LIB\SRC\Core\ESB.Core\Rpc\CometClient.cs:行号 59
19:37:02.488 40 Y - 与服务器失去联系：无法与服务器建立连接：System.Net.Sockets.SocketException (0x80004005): 由于连接方在一段时间后没有正确答复或连接的主机没有反应，连接尝试失败。 192.168.56.2:5555
   在 System.Net.Sockets.Socket.EndConnect(IAsyncResult asyncResult)
   在 ESB.Core.Rpc.CometClient.ConnectCallback(IAsyncResult ar) 位置 f:\Tony\MyCode\SOA\LIB\SRC\Core\ESB.Core\Rpc\CometClient.cs:行号 59
19:37:03.675 40 Y - 与服务器失去联系：无法与服务器建立连接：System.Net.Sockets.SocketException (0x80004005): 由于连接方在一段时间后没有正确答复或连接的主机没有反应，连接尝试失败。 192.168.56.2:5556
   在 System.Net.Sockets.Socket.EndConnect(IAsyncResult asyncResult)
   在 ESB.Core.Rpc.CometClient.ConnectCallback(IAsyncResult ar) 位置 f:\Tony\MyCode\SOA\LIB\SRC\Core\ESB.Core\Rpc\CometClient.cs:行号 59
19:37:28.525 40 Y - 与服务器失去联系：无法与服务器建立连接：System.Net.Sockets.SocketException (0x80004005): 由于连接方在一段时间后没有正确答复或连接的主机没有反应，连接尝试失败。 192.168.56.2:5555
   在 System.Net.Sockets.Socket.EndConnect(IAsyncResult asyncResult)
   在 ESB.Core.Rpc.CometClient.ConnectCallback(IAsyncResult ar) 位置 f:\Tony\MyCode\SOA\LIB\SRC\Core\ESB.Core\Rpc\CometClient.cs:行号 59
19:37:29.710 40 Y - 与服务器失去联系：无法与服务器建立连接：System.Net.Sockets.SocketException (0x80004005): 由于连接方在一段时间后没有正确答复或连接的主机没有反应，连接尝试失败。 192.168.56.2:5556
   在 System.Net.Sockets.Socket.EndConnect(IAsyncResult asyncResult)
   在 ESB.Core.Rpc.CometClient.ConnectCallback(IAsyncResult ar) 位置 f:\Tony\MyCode\SOA\LIB\SRC\Core\ESB.Core\Rpc\CometClient.cs:行号 59
