#Software: .
#ProcessID: 8168
#AppDomain: /LM/W3SVC/1/ROOT/Portal-1-130569497847588775
#BaseDirectory: F:\Tony\MyCode\SOA\LIB\SRC\Portal\
#Date: 2014-10-05
#Fields: Time ThreadID IsPoolThread ThreadName Message
10:30:11.784 1 N - NewLife.Core v3.8.2012.0803 Build 2014-09-30 16:18:44
10:30:11.944 1 N - MB.ESB.Core v1.0.2014.0910 Build 2014-09-30 18:00:26
10:30:16.654 1 N - ESBProxy Init 耗时：6711ms。
10:30:38.148 4 Y - 与服务器失去联系：无法与服务器建立连接：System.Net.Sockets.SocketException (0x80004005): 由于连接方在一段时间后没有正确答复或连接的主机没有反应，连接尝试失败。 192.168.56.2:5555
   在 System.Net.Sockets.Socket.EndConnect(IAsyncResult asyncResult)
   在 ESB.Core.Rpc.CometClient.ConnectCallback(IAsyncResult ar) 位置 f:\Tony\MyCode\SOA\LIB\SRC\Core\ESB.Core\Rpc\CometClient.cs:行号 59
10:30:41.925 10 Y - 无法连接到缓存中心：could not connect to redis Instance at 192.168.56.2:6379
10:30:42.614 9 Y - 无法连接到消息队列：None of the specified endpoints were reachable
Endpoints attempted:
------------------------------------------------
endpoint=amqp-0-9://192.168.56.2:5672, attempts=1
RabbitMQ.Client.Exceptions.ConnectFailureException: Connection failed ---> System.Net.Sockets.SocketException: 由于连接方在一段时间后没有正确答复或连接的主机没有反应，连接尝试失败。 192.168.56.2:5672
   在 System.Net.Sockets.Socket.EndConnect(IAsyncResult asyncResult)
   在 System.Net.Sockets.TcpClient.EndConnect(IAsyncResult asyncResult)
   在 RabbitMQ.Client.Impl.SocketFrameHandler_0_9.Connect(TcpClient socket, AmqpTcpEndpoint endpoint, Int32 timeout)
   --- 内部异常堆栈跟踪的结尾 ---
   在 RabbitMQ.Client.Impl.SocketFrameHandler_0_9.Connect(TcpClient socket, AmqpTcpEndpoint endpoint, Int32 timeout)
   在 RabbitMQ.Client.Impl.SocketFrameHandler_0_9..ctor(AmqpTcpEndpoint endpoint, ObtainSocket socketFactory, Int32 timeout)
   在 RabbitMQ.Client.Framing.Impl.v0_9_1.ProtocolBase.CreateFrameHandler(AmqpTcpEndpoint endpoint, ObtainSocket socketFactory, Int32 timeout)
   在 RabbitMQ.Client.ConnectionFactory.FollowRedirectChain(Int32 maxRedirects, IDictionary`2 connectionAttempts, IDictionary`2 connectionErrors, AmqpTcpEndpoint[]& mostRecentKnownHosts, AmqpTcpEndpoint endpoint)
================================================
Stack trace:
   在 RabbitMQ.Client.ConnectionFactory.CreateConnection(Int32 maxRedirects)
   在 ESB.Core.Monitor.RabbitMQClient..ctor(String hostName, String userName, String passWord, Int32 port) 位置 f:\Tony\MyCode\SOA\LIB\SRC\Core\ESB.Core\Monitor\RabbitMQClient.cs:行号 43
   在 ESB.Core.Monitor.MessageQueueClient.Connect() 位置 f:\Tony\MyCode\SOA\LIB\SRC\Core\ESB.Core\Monitor\MessageQueueClient.cs:行号 86
10:31:04.456 4 Y - 与服务器失去联系：无法与服务器建立连接：System.Net.Sockets.SocketException (0x80004005): 由于连接方在一段时间后没有正确答复或连接的主机没有反应，连接尝试失败。 192.168.56.2:5555
   在 System.Net.Sockets.Socket.EndConnect(IAsyncResult asyncResult)
   在 ESB.Core.Rpc.CometClient.ConnectCallback(IAsyncResult ar) 位置 f:\Tony\MyCode\SOA\LIB\SRC\Core\ESB.Core\Rpc\CometClient.cs:行号 59
10:31:07.249 19 N T 第0次重连消息队列失败, 抛出异常：None of the specified endpoints were reachable
Endpoints attempted:
------------------------------------------------
endpoint=amqp-0-9://192.168.56.2:5672, attempts=1
RabbitMQ.Client.Exceptions.ConnectFailureException: Connection failed ---> System.Net.Sockets.SocketException: 由于连接方在一段时间后没有正确答复或连接的主机没有反应，连接尝试失败。 192.168.56.2:5672
   在 System.Net.Sockets.Socket.EndConnect(IAsyncResult asyncResult)
   在 System.Net.Sockets.TcpClient.EndConnect(IAsyncResult asyncResult)
   在 RabbitMQ.Client.Impl.SocketFrameHandler_0_9.Connect(TcpClient socket, AmqpTcpEndpoint endpoint, Int32 timeout)
   --- 内部异常堆栈跟踪的结尾 ---
   在 RabbitMQ.Client.Impl.SocketFrameHandler_0_9.Connect(TcpClient socket, AmqpTcpEndpoint endpoint, Int32 timeout)
   在 RabbitMQ.Client.Impl.SocketFrameHandler_0_9..ctor(AmqpTcpEndpoint endpoint, ObtainSocket socketFactory, Int32 timeout)
   在 RabbitMQ.Client.Framing.Impl.v0_9_1.ProtocolBase.CreateFrameHandler(AmqpTcpEndpoint endpoint, ObtainSocket socketFactory, Int32 timeout)
   在 RabbitMQ.Client.ConnectionFactory.FollowRedirectChain(Int32 maxRedirects, IDictionary`2 connectionAttempts, IDictionary`2 connectionErrors, AmqpTcpEndpoint[]& mostRecentKnownHosts, AmqpTcpEndpoint endpoint)
================================================
Stack trace:
   在 RabbitMQ.Client.ConnectionFactory.CreateConnection(Int32 maxRedirects)
   在 ESB.Core.Monitor.RabbitMQClient..ctor(String hostName, String userName, String passWord, Int32 port) 位置 f:\Tony\MyCode\SOA\LIB\SRC\Core\ESB.Core\Monitor\RabbitMQClient.cs:行号 43
   在 ESB.Core.Monitor.MessageQueueClient.Connect() 位置 f:\Tony\MyCode\SOA\LIB\SRC\Core\ESB.Core\Monitor\MessageQueueClient.cs:行号 86
10:31:28.259 15 Y - 第0次重连缓存中心失败, 抛出异常：could not connect to redis Instance at 192.168.56.2:6379
10:31:30.458 13 Y - 与服务器失去联系：无法与服务器建立连接：System.Net.Sockets.SocketException (0x80004005): 由于连接方在一段时间后没有正确答复或连接的主机没有反应，连接尝试失败。 192.168.56.2:5555
   在 System.Net.Sockets.Socket.EndConnect(IAsyncResult asyncResult)
   在 ESB.Core.Rpc.CometClient.ConnectCallback(IAsyncResult ar) 位置 f:\Tony\MyCode\SOA\LIB\SRC\Core\ESB.Core\Rpc\CometClient.cs:行号 59
10:31:33.253 19 N T 第1次重连消息队列失败, 抛出异常：None of the specified endpoints were reachable
Endpoints attempted:
------------------------------------------------
endpoint=amqp-0-9://192.168.56.2:5672, attempts=1
RabbitMQ.Client.Exceptions.ConnectFailureException: Connection failed ---> System.Net.Sockets.SocketException: 由于连接方在一段时间后没有正确答复或连接的主机没有反应，连接尝试失败。 192.168.56.2:5672
   在 System.Net.Sockets.Socket.EndConnect(IAsyncResult asyncResult)
   在 System.Net.Sockets.TcpClient.EndConnect(IAsyncResult asyncResult)
   在 RabbitMQ.Client.Impl.SocketFrameHandler_0_9.Connect(TcpClient socket, AmqpTcpEndpoint endpoint, Int32 timeout)
   --- 内部异常堆栈跟踪的结尾 ---
   在 RabbitMQ.Client.Impl.SocketFrameHandler_0_9.Connect(TcpClient socket, AmqpTcpEndpoint endpoint, Int32 timeout)
   在 RabbitMQ.Client.Impl.SocketFrameHandler_0_9..ctor(AmqpTcpEndpoint endpoint, ObtainSocket socketFactory, Int32 timeout)
   在 RabbitMQ.Client.Framing.Impl.v0_9_1.ProtocolBase.CreateFrameHandler(AmqpTcpEndpoint endpoint, ObtainSocket socketFactory, Int32 timeout)
   在 RabbitMQ.Client.ConnectionFactory.FollowRedirectChain(Int32 maxRedirects, IDictionary`2 connectionAttempts, IDictionary`2 connectionErrors, AmqpTcpEndpoint[]& mostRecentKnownHosts, AmqpTcpEndpoint endpoint)
================================================
Stack trace:
   在 RabbitMQ.Client.ConnectionFactory.CreateConnection(Int32 maxRedirects)
   在 ESB.Core.Monitor.RabbitMQClient..ctor(String hostName, String userName, String passWord, Int32 port) 位置 f:\Tony\MyCode\SOA\LIB\SRC\Core\ESB.Core\Monitor\RabbitMQClient.cs:行号 43
   在 ESB.Core.Monitor.MessageQueueClient.Connect() 位置 f:\Tony\MyCode\SOA\LIB\SRC\Core\ESB.Core\Monitor\MessageQueueClient.cs:行号 86
10:31:54.247 15 Y - 第1次重连缓存中心失败, 抛出异常：could not connect to redis Instance at 192.168.56.2:6379
10:31:56.466 13 Y - 与服务器失去联系：无法与服务器建立连接：System.Net.Sockets.SocketException (0x80004005): 由于连接方在一段时间后没有正确答复或连接的主机没有反应，连接尝试失败。 192.168.56.2:5555
   在 System.Net.Sockets.Socket.EndConnect(IAsyncResult asyncResult)
   在 ESB.Core.Rpc.CometClient.ConnectCallback(IAsyncResult ar) 位置 f:\Tony\MyCode\SOA\LIB\SRC\Core\ESB.Core\Rpc\CometClient.cs:行号 59
10:31:59.255 19 N T 第2次重连消息队列失败, 抛出异常：None of the specified endpoints were reachable
Endpoints attempted:
------------------------------------------------
endpoint=amqp-0-9://192.168.56.2:5672, attempts=1
RabbitMQ.Client.Exceptions.ConnectFailureException: Connection failed ---> System.Net.Sockets.SocketException: 由于连接方在一段时间后没有正确答复或连接的主机没有反应，连接尝试失败。 192.168.56.2:5672
   在 System.Net.Sockets.Socket.EndConnect(IAsyncResult asyncResult)
   在 System.Net.Sockets.TcpClient.EndConnect(IAsyncResult asyncResult)
   在 RabbitMQ.Client.Impl.SocketFrameHandler_0_9.Connect(TcpClient socket, AmqpTcpEndpoint endpoint, Int32 timeout)
   --- 内部异常堆栈跟踪的结尾 ---
   在 RabbitMQ.Client.Impl.SocketFrameHandler_0_9.Connect(TcpClient socket, AmqpTcpEndpoint endpoint, Int32 timeout)
   在 RabbitMQ.Client.Impl.SocketFrameHandler_0_9..ctor(AmqpTcpEndpoint endpoint, ObtainSocket socketFactory, Int32 timeout)
   在 RabbitMQ.Client.Framing.Impl.v0_9_1.ProtocolBase.CreateFrameHandler(AmqpTcpEndpoint endpoint, ObtainSocket socketFactory, Int32 timeout)
   在 RabbitMQ.Client.ConnectionFactory.FollowRedirectChain(Int32 maxRedirects, IDictionary`2 connectionAttempts, IDictionary`2 connectionErrors, AmqpTcpEndpoint[]& mostRecentKnownHosts, AmqpTcpEndpoint endpoint)
================================================
Stack trace:
   在 RabbitMQ.Client.ConnectionFactory.CreateConnection(Int32 maxRedirects)
   在 ESB.Core.Monitor.RabbitMQClient..ctor(String hostName, String userName, String passWord, Int32 port) 位置 f:\Tony\MyCode\SOA\LIB\SRC\Core\ESB.Core\Monitor\RabbitMQClient.cs:行号 43
   在 ESB.Core.Monitor.MessageQueueClient.Connect() 位置 f:\Tony\MyCode\SOA\LIB\SRC\Core\ESB.Core\Monitor\MessageQueueClient.cs:行号 86
10:32:07.790 19 N T 第3次重连消息队列失败, 抛出异常：System.Threading.ThreadAbortException: 正在中止线程。
   在 RabbitMQ.Client.ConnectionFactory.FollowRedirectChain(Int32 maxRedirects, IDictionary`2 connectionAttempts, IDictionary`2 connectionErrors, AmqpTcpEndpoint[]& mostRecentKnownHosts, AmqpTcpEndpoint endpoint)
   在 RabbitMQ.Client.ConnectionFactory.CreateConnection(Int32 maxRedirects, IDictionary`2 connectionAttempts, IDictionary`2 connectionErrors, AmqpTcpEndpoint[] endpoints)
   在 RabbitMQ.Client.ConnectionFactory.CreateConnection(Int32 maxRedirects)
   在 ESB.Core.Monitor.RabbitMQClient..ctor(String hostName, String userName, String passWord, Int32 port) 位置 f:\Tony\MyCode\SOA\LIB\SRC\Core\ESB.Core\Monitor\RabbitMQClient.cs:行号 43
   在 ESB.Core.Monitor.MessageQueueClient.Connect() 位置 f:\Tony\MyCode\SOA\LIB\SRC\Core\ESB.Core\Monitor\MessageQueueClient.cs:行号 86
10:32:20.261 15 Y - 第2次重连缓存中心失败, 抛出异常：正在中止线程。
