#Software: .
#ProcessID: 8492
#AppDomain: /LM/W3SVC/1/ROOT/Portal-1-130540078161663680
#BaseDirectory: F:\Tony\MyCode\SOA\LIB\SRC\Portal\
#Date: 2014-09-01
#Fields: Time ThreadID IsPoolThread ThreadName Message
09:16:57.104 8 Y - NewLife.Core v3.8.2012.0803 Build 2014-08-30 22:53:02
09:16:57.154 8 Y - 与服务器成功建立连接！

#Software: .
#ProcessID: 8492
#AppDomain: /LM/W3SVC/1/ROOT/Portal-5-130540094747284787
#BaseDirectory: F:\Tony\MyCode\SOA\LIB\SRC\Portal\
#Date: 2014-09-01
#Fields: Time ThreadID IsPoolThread ThreadName Message
09:44:41.160 44 Y - NewLife.Core v3.8.2012.0803 Build 2014-09-01 09:40:36
09:44:41.168 44 Y - 与服务器成功建立连接！

#Software: .
#ProcessID: 8492
#AppDomain: /LM/W3SVC/1/ROOT/Portal-7-130540100215659182
#BaseDirectory: F:\Tony\MyCode\SOA\LIB\SRC\Portal\
#Date: 2014-09-01
#Fields: Time ThreadID IsPoolThread ThreadName Message
09:53:49.566 11 Y - NewLife.Core v3.8.2012.0803 Build 2014-09-01 09:40:36
09:53:49.572 11 Y - 与服务器成功建立连接！

#Software: .
#ProcessID: 8492
#AppDomain: /LM/W3SVC/1/ROOT/Portal-8-130540115666091138
#BaseDirectory: F:\Tony\MyCode\SOA\LIB\SRC\Portal\
#Date: 2014-09-01
#Fields: Time ThreadID IsPoolThread ThreadName Message
10:19:31.234 19 Y - NewLife.Core v3.8.2012.0803 Build 2014-09-01 09:40:36
10:19:31.243 19 Y - 与服务器成功建立连接！

#Software: .
#ProcessID: 8492
#AppDomain: /LM/W3SVC/1/ROOT/Portal-9-130540115998108299
#BaseDirectory: F:\Tony\MyCode\SOA\LIB\SRC\Portal\
#Date: 2014-09-01
#Fields: Time ThreadID IsPoolThread ThreadName Message
10:20:12.953 33 Y - NewLife.Core v3.8.2012.0803 Build 2014-09-01 09:40:36
10:20:12.963 33 Y - 与服务器成功建立连接！

#Software: .
#ProcessID: 8492
#AppDomain: /LM/W3SVC/1/ROOT/Portal-11-130540134746804081
#BaseDirectory: F:\Tony\MyCode\SOA\LIB\SRC\Portal\
#Date: 2014-09-01
#Fields: Time ThreadID IsPoolThread ThreadName Message
10:51:22.474 10 Y - NewLife.Core v3.8.2012.0803 Build 2014-09-01 10:50:36
10:51:22.483 10 Y - 与服务器成功建立连接！

#Software: .
#ProcessID: 8492
#AppDomain: /LM/W3SVC/1/ROOT/Portal-13-130540138023330147
#BaseDirectory: F:\Tony\MyCode\SOA\LIB\SRC\Portal\
#Date: 2014-09-01
#Fields: Time ThreadID IsPoolThread ThreadName Message
10:56:53.933 28 Y - NewLife.Core v3.8.2012.0803 Build 2014-09-01 10:50:36
10:56:53.938 28 Y - 与服务器成功建立连接！

#Software: .
#ProcessID: 8492
#AppDomain: /LM/W3SVC/1/ROOT/Portal-15-130540153007442887
#BaseDirectory: F:\Tony\MyCode\SOA\LIB\SRC\Portal\
#Date: 2014-09-01
#Fields: Time ThreadID IsPoolThread ThreadName Message
11:21:47.654 5 Y - NewLife.Core v3.8.2012.0803 Build 2014-09-01 11:18:58
11:21:47.661 5 Y - 与服务器成功建立连接！

#Software: .
#ProcessID: 8492
#AppDomain: /LM/W3SVC/1/ROOT/Portal-16-130540172110718695
#BaseDirectory: F:\Tony\MyCode\SOA\LIB\SRC\Portal\
#Date: 2014-09-01
#Fields: Time ThreadID IsPoolThread ThreadName Message
11:53:37.335 34 Y - NewLife.Core v3.8.2012.0803 Build 2014-09-01 11:18:58
11:53:37.342 34 Y - 与服务器成功建立连接！

#Software: .
#ProcessID: 8492
#AppDomain: /LM/W3SVC/1/ROOT/Portal-17-130540176227231426
#BaseDirectory: F:\Tony\MyCode\SOA\LIB\SRC\Portal\
#Date: 2014-09-01
#Fields: Time ThreadID IsPoolThread ThreadName Message
12:00:29.206 46 Y - NewLife.Core v3.8.2012.0803 Build 2014-09-01 11:18:58
12:00:29.214 46 Y - 与服务器成功建立连接！

#Software: .
#ProcessID: 3192
#AppDomain: /LM/W3SVC/1/ROOT/Portal-1-130540195751970753
#BaseDirectory: F:\Tony\MyCode\SOA\LIB\SRC\Portal\
#Date: 2014-09-01
#Fields: Time ThreadID IsPoolThread ThreadName Message
12:32:55.350 8 Y - NewLife.Core v3.8.2012.0803 Build 2014-09-01 11:18:58
12:32:55.359 8 Y - 与服务器成功建立连接！

#Software: .
#ProcessID: 3192
#AppDomain: /LM/W3SVC/1/ROOT/Portal-3-130540195893498725
#BaseDirectory: F:\Tony\MyCode\SOA\LIB\SRC\Portal\
#Date: 2014-09-01
#Fields: Time ThreadID IsPoolThread ThreadName Message
12:33:19.942 7 Y - NewLife.Core v3.8.2012.0803 Build 2014-09-01 11:18:58
12:33:19.948 7 Y - 与服务器成功建立连接！

#Software: .
#ProcessID: 3192
#AppDomain: /LM/W3SVC/1/ROOT/Portal-4-130540222918155420
#BaseDirectory: F:\Tony\MyCode\SOA\LIB\SRC\Portal\
#Date: 2014-09-01
#Fields: Time ThreadID IsPoolThread ThreadName Message
13:18:18.434 18 Y - NewLife.Core v3.8.2012.0803 Build 2014-09-01 11:18:58
13:18:18.443 18 Y - 与服务器成功建立连接！

#Software: .
#ProcessID: 3192
#AppDomain: /LM/W3SVC/1/ROOT/Portal-7-130540231041621970
#BaseDirectory: F:\Tony\MyCode\SOA\LIB\SRC\Portal\
#Date: 2014-09-01
#Fields: Time ThreadID IsPoolThread ThreadName Message
13:31:50.459 26 Y - NewLife.Core v3.8.2012.0803 Build 2014-09-01 11:18:58
13:31:50.466 26 Y - 与服务器成功建立连接！

#Software: .
#ProcessID: 3192
#AppDomain: /LM/W3SVC/1/ROOT/Portal-8-130540241759457962
#BaseDirectory: F:\Tony\MyCode\SOA\LIB\SRC\Portal\
#Date: 2014-09-01
#Fields: Time ThreadID IsPoolThread ThreadName Message
13:49:47.104 34 Y - NewLife.Core v3.8.2012.0803 Build 2014-09-01 11:18:58
13:49:47.114 34 Y - 与服务器成功建立连接！

#Software: .
#ProcessID: 3192
#AppDomain: /LM/W3SVC/1/ROOT/Portal-10-130540246709616552
#BaseDirectory: F:\Tony\MyCode\SOA\LIB\SRC\Portal\
#Date: 2014-09-01
#Fields: Time ThreadID IsPoolThread ThreadName Message
13:57:57.658 24 Y - NewLife.Core v3.8.2012.0803 Build 2014-09-01 11:18:58
13:57:57.666 24 Y - 与服务器成功建立连接！

#Software: .
#ProcessID: 3192
#AppDomain: /LM/W3SVC/1/ROOT/Portal-12-130540269755573017
#BaseDirectory: F:\Tony\MyCode\SOA\LIB\SRC\Portal\
#Date: 2014-09-01
#Fields: Time ThreadID IsPoolThread ThreadName Message
14:36:23.602 18 Y - NewLife.Core v3.8.2012.0803 Build 2014-09-01 11:18:58
14:36:23.612 18 Y - 与服务器成功建立连接！

#Software: .
#ProcessID: 13188
#AppDomain: /LM/W3SVC/1/ROOT/Portal-1-130540287959614637
#BaseDirectory: F:\Tony\MyCode\SOA\LIB\SRC\Portal\
#Date: 2014-09-01
#Fields: Time ThreadID IsPoolThread ThreadName Message
15:06:36.160 8 Y - NewLife.Core v3.8.2012.0803 Build 2014-09-01 11:18:58
15:06:36.169 8 Y - 与服务器成功建立连接！

#Software: .
#ProcessID: 13188
#AppDomain: /LM/W3SVC/1/ROOT/Portal-5-130540300628053324
#BaseDirectory: F:\Tony\MyCode\SOA\LIB\SRC\Portal\
#Date: 2014-09-01
#Fields: Time ThreadID IsPoolThread ThreadName Message
15:27:49.769 53 Y - NewLife.Core v3.8.2012.0803 Build 2014-09-01 15:24:48
15:27:49.776 53 Y - 与服务器成功建立连接！

#Software: .
#ProcessID: 13188
#AppDomain: /LM/W3SVC/1/ROOT/Portal-6-130540318369631218
#BaseDirectory: F:\Tony\MyCode\SOA\LIB\SRC\Portal\
#Date: 2014-09-01
#Fields: Time ThreadID IsPoolThread ThreadName Message
15:57:23.382 50 Y - NewLife.Core v3.8.2012.0803 Build 2014-09-01 15:24:48
15:57:23.390 50 Y - 与服务器成功建立连接！

#Software: .
#ProcessID: 8760
#AppDomain: /LM/W3SVC/1/ROOT/Portal-2-130540340403049107
#BaseDirectory: F:\Tony\MyCode\SOA\LIB\SRC\Portal\
#Date: 2014-09-01
#Fields: Time ThreadID IsPoolThread ThreadName Message
16:34:06.870 7 Y - NewLife.Core v3.8.2012.0803 Build 2014-09-01 16:31:44
16:34:06.879 7 Y - 与服务器成功建立连接！

#Software: .
#ProcessID: 8760
#AppDomain: /LM/W3SVC/1/ROOT/Portal-4-130540342147895674
#BaseDirectory: F:\Tony\MyCode\SOA\LIB\SRC\Portal\
#Date: 2014-09-01
#Fields: Time ThreadID IsPoolThread ThreadName Message
16:37:01.760 15 Y - NewLife.Core v3.8.2012.0803 Build 2014-09-01 16:35:16
16:37:01.768 15 Y - 与服务器成功建立连接！

#Software: .
#ProcessID: 3684
#AppDomain: /LM/W3SVC/1/ROOT/Portal-1-130540359249342282
#BaseDirectory: F:\Tony\MyCode\SOA\LIB\SRC\Portal\
#Date: 2014-09-01
#Fields: Time ThreadID IsPoolThread ThreadName Message
17:05:33.664 8 Y - NewLife.Core v3.8.2012.0803 Build 2014-09-01 17:05:14
17:05:33.671 8 Y - 与服务器成功建立连接！

#Software: .
#ProcessID: 3684
#AppDomain: /LM/W3SVC/1/ROOT/Portal-4-130540373975137221
#BaseDirectory: F:\Tony\MyCode\SOA\LIB\SRC\Portal\
#Date: 2014-09-01
#Fields: Time ThreadID IsPoolThread ThreadName Message
17:30:03.880 34 Y - NewLife.Core v3.8.2012.0803 Build 2014-09-01 17:05:14
17:30:03.888 34 Y - 与服务器成功建立连接！

#Software: .
#ProcessID: 17140
#AppDomain: /LM/W3SVC/1/ROOT/Portal-3-130540441411430543
#BaseDirectory: F:\Tony\MyCode\SOA\LIB\SRC\Portal\
#Date: 2014-09-01
#Fields: Time ThreadID IsPoolThread ThreadName Message
19:22:27.746 10 Y - NewLife.Core v3.8.2012.0803 Build 2014-09-01 19:18:20
19:22:27.752 10 Y - 与服务器成功建立连接！
