#Software: .
#ProcessID: 10616
#AppDomain: /LM/W3SVC/1/ROOT/Portal-1-130564343363434073
#BaseDirectory: F:\Tony\MyCode\SOA\LIB\SRC\Portal\
#Date: 2014-09-29
#Fields: Time ThreadID IsPoolThread ThreadName Message
11:18:58.387 1 N - NewLife.Core v3.8.2012.0803 Build 2014-09-25 19:09:28
11:18:58.404 1 N - MB.ESB.Core v1.0.2014.0910 Build 2014-09-28 14:31:26
11:18:58.707 6 Y - 成功连接到注册中心。
11:18:58.707 1 N - ESBProxy Init 耗时：353ms。
11:18:59.077 11 Y - 成功连接到消息队列。
11:18:59.574 12 Y - 成功连接到缓存中心。
11:19:02.119 8 Y - 成功连接到监控中心。

#Software: .
#ProcessID: 10616
#AppDomain: /LM/W3SVC/1/ROOT/Portal-3-130564344600076107
#BaseDirectory: F:\Tony\MyCode\SOA\LIB\SRC\Portal\
#Date: 2014-09-29
#Fields: Time ThreadID IsPoolThread ThreadName Message
11:21:00.157 18 N - NewLife.Core v3.8.2012.0803 Build 2014-09-25 19:09:28
11:21:00.171 18 N - MB.ESB.Core v1.0.2014.0910 Build 2014-09-28 14:31:26
11:21:00.284 5 Y - 成功连接到注册中心。
11:21:00.284 18 N - ESBProxy Init 耗时：172ms。
11:21:00.479 13 Y - 成功连接到缓存中心。
11:21:00.498 12 Y - 成功连接到消息队列。
11:21:00.533 24 Y - 成功连接到监控中心。

#Software: .
#ProcessID: 10616
#AppDomain: /LM/W3SVC/1/ROOT/Portal-4-130564347442807088
#BaseDirectory: F:\Tony\MyCode\SOA\LIB\SRC\Portal\
#Date: 2014-09-29
#Fields: Time ThreadID IsPoolThread ThreadName Message
11:25:44.401 1 N - NewLife.Core v3.8.2012.0803 Build 2014-09-25 19:09:28
11:25:44.402 1 N - MB.ESB.Core v1.0.2014.0910 Build 2014-09-28 14:31:26
11:25:44.502 17 Y - 成功连接到注册中心。
11:25:44.520 1 N - ESBProxy Init 耗时：138ms。
11:25:44.648 40 Y - 成功连接到缓存中心。
11:25:44.674 35 Y - 成功连接到消息队列。
11:25:44.696 47 Y - 成功连接到监控中心。

#Software: .
#ProcessID: 11520
#AppDomain: /LM/W3SVC/1/ROOT/Portal-1-130564425693033604
#BaseDirectory: F:\Tony\MyCode\SOA\LIB\SRC\Portal\
#Date: 2014-09-29
#Fields: Time ThreadID IsPoolThread ThreadName Message
13:36:09.460 1 N - NewLife.Core v3.8.2012.0803 Build 2014-09-25 19:09:28
13:36:09.467 1 N - MB.ESB.Core v1.0.2014.0910 Build 2014-09-28 14:31:26
13:36:09.660 1 N - ESBProxy Init 耗时：233ms。
13:36:09.671 9 Y - 成功连接到注册中心。
13:36:09.773 10 Y - 成功连接到缓存中心。
13:36:09.885 11 Y - 成功连接到消息队列。
13:36:10.532 9 Y - 成功连接到监控中心。

#Software: .
#ProcessID: 11520
#AppDomain: /LM/W3SVC/1/ROOT/Portal-3-130564486619880331
#BaseDirectory: F:\Tony\MyCode\SOA\LIB\SRC\Portal\
#Date: 2014-09-29
#Fields: Time ThreadID IsPoolThread ThreadName Message
15:17:42.112 5 N - NewLife.Core v3.8.2012.0803 Build 2014-09-25 19:09:28
15:17:42.117 5 N - MB.ESB.Core v1.0.2014.0910 Build 2014-09-28 14:31:26
15:17:42.221 5 N - ESBProxy Init 耗时：131ms。
15:17:42.223 32 Y - 成功连接到注册中心。
15:17:42.331 33 Y - 成功连接到缓存中心。
15:17:42.336 8 Y - 成功连接到监控中心。
15:17:42.382 17 Y - 成功连接到消息队列。

#Software: .
#ProcessID: 11520
#AppDomain: /LM/W3SVC/1/ROOT/Portal-4-130564509467396597
#BaseDirectory: F:\Tony\MyCode\SOA\LIB\SRC\Portal\
#Date: 2014-09-29
#Fields: Time ThreadID IsPoolThread ThreadName Message
15:55:46.870 33 N - NewLife.Core v3.8.2012.0803 Build 2014-09-25 19:09:28
15:55:46.878 33 N - MB.ESB.Core v1.0.2014.0910 Build 2014-09-28 14:31:26
15:55:46.982 36 Y - 成功连接到注册中心。
15:55:46.982 33 N - ESBProxy Init 耗时：133ms。
15:55:47.100 25 Y - 成功连接到缓存中心。
15:55:47.119 35 Y - 成功连接到监控中心。
15:55:47.183 32 Y - 成功连接到消息队列。

#Software: .
#ProcessID: 11700
#AppDomain: /LM/W3SVC/1/ROOT/Portal-1-130564576744094653
#BaseDirectory: F:\Tony\MyCode\SOA\LIB\SRC\Portal\
#Date: 2014-09-29
#Fields: Time ThreadID IsPoolThread ThreadName Message
17:47:54.554 1 N - NewLife.Core v3.8.2012.0803 Build 2014-09-25 19:09:28
17:47:54.564 1 N - MB.ESB.Core v1.0.2014.0910 Build 2014-09-28 14:31:26
17:47:54.729 1 N - ESBProxy Init 耗时：207ms。
17:47:54.731 8 Y - 成功连接到注册中心。
17:47:54.888 11 Y - 成功连接到缓存中心。
17:47:54.951 9 Y - 成功连接到消息队列。
17:47:55.720 14 Y - 成功连接到监控中心。

#Software: .
#ProcessID: 12696
#AppDomain: /LM/W3SVC/1/ROOT/Portal-1-130564609093135790
#BaseDirectory: F:\Tony\MyCode\SOA\LIB\SRC\Portal\
#Date: 2014-09-29
#Fields: Time ThreadID IsPoolThread ThreadName Message
18:41:49.449 1 N - NewLife.Core v3.8.2012.0803 Build 2014-09-25 19:09:28
18:41:49.450 1 N - MB.ESB.Core v1.0.2014.0910 Build 2014-09-28 14:31:26
18:41:49.598 1 N - ESBProxy Init 耗时：173ms。
18:41:49.601 10 Y - 成功连接到注册中心。
18:41:49.740 9 Y - 成功连接到缓存中心。
18:41:49.773 11 Y - 成功连接到消息队列。
18:41:50.447 10 Y - 成功连接到监控中心。
19:04:05.603 5 Y - 与服务器失去联系：System.Net.Sockets.SocketException (0x80004005): 远程主机强迫关闭了一个现有的连接。
   在 System.Net.Sockets.Socket.EndReceive(IAsyncResult asyncResult)
   在 ESB.Core.Rpc.CometClient.ReceiveCallback(IAsyncResult ar) 位置 f:\Tony\MyCode\SOA\LIB\SRC\Core\ESB.Core\Rpc\CometClient.cs:行号 83
19:04:18.240 13 Y - 与服务器失去联系：System.Net.Sockets.SocketException (0x80004005): 远程主机强迫关闭了一个现有的连接。
   在 System.Net.Sockets.Socket.EndReceive(IAsyncResult asyncResult)
   在 ESB.Core.Rpc.CometClient.ReceiveCallback(IAsyncResult ar) 位置 f:\Tony\MyCode\SOA\LIB\SRC\Core\ESB.Core\Rpc\CometClient.cs:行号 83
19:04:31.714 13 Y - 与服务器失去联系：无法与服务器建立连接：System.Net.Sockets.SocketException (0x80004005): 由于连接方在一段时间后没有正确答复或连接的主机没有反应，连接尝试失败。 192.168.56.2:5555
   在 System.Net.Sockets.Socket.EndConnect(IAsyncResult asyncResult)
   在 ESB.Core.Rpc.CometClient.ConnectCallback(IAsyncResult ar) 位置 f:\Tony\MyCode\SOA\LIB\SRC\Core\ESB.Core\Rpc\CometClient.cs:行号 60
19:04:44.251 13 Y - 与服务器失去联系：无法与服务器建立连接：System.Net.Sockets.SocketException (0x80004005): 由于连接方在一段时间后没有正确答复或连接的主机没有反应，连接尝试失败。 192.168.56.2:5556
   在 System.Net.Sockets.Socket.EndConnect(IAsyncResult asyncResult)
   在 ESB.Core.Rpc.CometClient.ConnectCallback(IAsyncResult ar) 位置 f:\Tony\MyCode\SOA\LIB\SRC\Core\ESB.Core\Rpc\CometClient.cs:行号 60
19:04:57.718 13 Y - 与服务器失去联系：无法与服务器建立连接：System.Net.Sockets.SocketException (0x80004005): 由于连接方在一段时间后没有正确答复或连接的主机没有反应，连接尝试失败。 192.168.56.2:5555
   在 System.Net.Sockets.Socket.EndConnect(IAsyncResult asyncResult)
   在 ESB.Core.Rpc.CometClient.ConnectCallback(IAsyncResult ar) 位置 f:\Tony\MyCode\SOA\LIB\SRC\Core\ESB.Core\Rpc\CometClient.cs:行号 60
19:05:10.251 13 Y - 与服务器失去联系：无法与服务器建立连接：System.Net.Sockets.SocketException (0x80004005): 由于连接方在一段时间后没有正确答复或连接的主机没有反应，连接尝试失败。 192.168.56.2:5556
   在 System.Net.Sockets.Socket.EndConnect(IAsyncResult asyncResult)
   在 ESB.Core.Rpc.CometClient.ConnectCallback(IAsyncResult ar) 位置 f:\Tony\MyCode\SOA\LIB\SRC\Core\ESB.Core\Rpc\CometClient.cs:行号 60
19:05:23.714 13 Y - 与服务器失去联系：无法与服务器建立连接：System.Net.Sockets.SocketException (0x80004005): 由于连接方在一段时间后没有正确答复或连接的主机没有反应，连接尝试失败。 192.168.56.2:5555
   在 System.Net.Sockets.Socket.EndConnect(IAsyncResult asyncResult)
   在 ESB.Core.Rpc.CometClient.ConnectCallback(IAsyncResult ar) 位置 f:\Tony\MyCode\SOA\LIB\SRC\Core\ESB.Core\Rpc\CometClient.cs:行号 60
19:05:36.262 13 Y - 与服务器失去联系：无法与服务器建立连接：System.Net.Sockets.SocketException (0x80004005): 由于连接方在一段时间后没有正确答复或连接的主机没有反应，连接尝试失败。 192.168.56.2:5556
   在 System.Net.Sockets.Socket.EndConnect(IAsyncResult asyncResult)
   在 ESB.Core.Rpc.CometClient.ConnectCallback(IAsyncResult ar) 位置 f:\Tony\MyCode\SOA\LIB\SRC\Core\ESB.Core\Rpc\CometClient.cs:行号 60
19:05:49.714 13 Y - 与服务器失去联系：无法与服务器建立连接：System.Net.Sockets.SocketException (0x80004005): 由于连接方在一段时间后没有正确答复或连接的主机没有反应，连接尝试失败。 192.168.56.2:5555
   在 System.Net.Sockets.Socket.EndConnect(IAsyncResult asyncResult)
   在 ESB.Core.Rpc.CometClient.ConnectCallback(IAsyncResult ar) 位置 f:\Tony\MyCode\SOA\LIB\SRC\Core\ESB.Core\Rpc\CometClient.cs:行号 60
19:06:02.268 13 Y - 与服务器失去联系：无法与服务器建立连接：System.Net.Sockets.SocketException (0x80004005): 由于连接方在一段时间后没有正确答复或连接的主机没有反应，连接尝试失败。 192.168.56.2:5556
   在 System.Net.Sockets.Socket.EndConnect(IAsyncResult asyncResult)
   在 ESB.Core.Rpc.CometClient.ConnectCallback(IAsyncResult ar) 位置 f:\Tony\MyCode\SOA\LIB\SRC\Core\ESB.Core\Rpc\CometClient.cs:行号 60
19:06:15.716 13 Y - 与服务器失去联系：无法与服务器建立连接：System.Net.Sockets.SocketException (0x80004005): 由于连接方在一段时间后没有正确答复或连接的主机没有反应，连接尝试失败。 192.168.56.2:5555
   在 System.Net.Sockets.Socket.EndConnect(IAsyncResult asyncResult)
   在 ESB.Core.Rpc.CometClient.ConnectCallback(IAsyncResult ar) 位置 f:\Tony\MyCode\SOA\LIB\SRC\Core\ESB.Core\Rpc\CometClient.cs:行号 60
19:06:28.266 13 Y - 与服务器失去联系：无法与服务器建立连接：System.Net.Sockets.SocketException (0x80004005): 由于连接方在一段时间后没有正确答复或连接的主机没有反应，连接尝试失败。 192.168.56.2:5556
   在 System.Net.Sockets.Socket.EndConnect(IAsyncResult asyncResult)
   在 ESB.Core.Rpc.CometClient.ConnectCallback(IAsyncResult ar) 位置 f:\Tony\MyCode\SOA\LIB\SRC\Core\ESB.Core\Rpc\CometClient.cs:行号 60
19:06:41.720 13 Y - 与服务器失去联系：无法与服务器建立连接：System.Net.Sockets.SocketException (0x80004005): 由于连接方在一段时间后没有正确答复或连接的主机没有反应，连接尝试失败。 192.168.56.2:5555
   在 System.Net.Sockets.Socket.EndConnect(IAsyncResult asyncResult)
   在 ESB.Core.Rpc.CometClient.ConnectCallback(IAsyncResult ar) 位置 f:\Tony\MyCode\SOA\LIB\SRC\Core\ESB.Core\Rpc\CometClient.cs:行号 60
19:06:54.267 13 Y - 与服务器失去联系：无法与服务器建立连接：System.Net.Sockets.SocketException (0x80004005): 由于连接方在一段时间后没有正确答复或连接的主机没有反应，连接尝试失败。 192.168.56.2:5556
   在 System.Net.Sockets.Socket.EndConnect(IAsyncResult asyncResult)
   在 ESB.Core.Rpc.CometClient.ConnectCallback(IAsyncResult ar) 位置 f:\Tony\MyCode\SOA\LIB\SRC\Core\ESB.Core\Rpc\CometClient.cs:行号 60
19:07:07.719 13 Y - 与服务器失去联系：无法与服务器建立连接：System.Net.Sockets.SocketException (0x80004005): 由于连接方在一段时间后没有正确答复或连接的主机没有反应，连接尝试失败。 192.168.56.2:5555
   在 System.Net.Sockets.Socket.EndConnect(IAsyncResult asyncResult)
   在 ESB.Core.Rpc.CometClient.ConnectCallback(IAsyncResult ar) 位置 f:\Tony\MyCode\SOA\LIB\SRC\Core\ESB.Core\Rpc\CometClient.cs:行号 60
